<?xml version="1.0" encoding="UTF-8"?>
<testsuite name="pascal.taie.analysis.dataflow.analysis.constprop.InterCPTest" tests="4" skipped="0" failures="0" errors="0" timestamp="2024-10-29T20:28:09" hostname="Hales-MacBook-Air.local" time="5.617">
  <properties/>
  <testcase name="testExample" classname="pascal.taie.analysis.dataflow.analysis.constprop.InterCPTest" time="1.925"/>
  <testcase name="testFibonacci" classname="pascal.taie.analysis.dataflow.analysis.constprop.InterCPTest" time="1.477"/>
  <testcase name="testReference" classname="pascal.taie.analysis.dataflow.analysis.constprop.InterCPTest" time="1.138"/>
  <testcase name="testMultiIntArgs" classname="pascal.taie.analysis.dataflow.analysis.constprop.InterCPTest" time="1.077"/>
  <system-out><![CDATA[Tai-e starts ...
Writing options to output/options.yml
Writing analysis plan to output/tai-e-plan.yml
WorldBuilder starts ...
10020 classes with 98917 methods in the world
WorldBuilder finishes, elapsed time: 1.67s
throw starts ...
1 classes in scope (app) of class analyses
4 methods in scope (app) of method analyses
throw finishes, elapsed time: 0.01s
cfg starts ...
cfg finishes, elapsed time: 0.00s
cg starts ...
cg finishes, elapsed time: 0.00s
icfg starts ...
icfg finishes, elapsed time: 0.00s
inter-constprop starts ...
inter-constprop finishes, elapsed time: 0.00s
process-result starts ...
process-result finishes, elapsed time: 0.01s
Tai-e finishes, elapsed time: 1.77s
Tai-e starts ...
Writing options to output/options.yml
Writing analysis plan to output/tai-e-plan.yml
WorldBuilder starts ...
10020 classes with 98916 methods in the world
WorldBuilder finishes, elapsed time: 1.46s
throw starts ...
1 classes in scope (app) of class analyses
3 methods in scope (app) of method analyses
throw finishes, elapsed time: 0.00s
cfg starts ...
cfg finishes, elapsed time: 0.00s
cg starts ...
cg finishes, elapsed time: 0.00s
icfg starts ...
icfg finishes, elapsed time: 0.00s
inter-constprop starts ...
inter-constprop finishes, elapsed time: 0.00s
process-result starts ...
process-result finishes, elapsed time: 0.00s
Tai-e finishes, elapsed time: 1.48s
Tai-e starts ...
Writing options to output/options.yml
Writing analysis plan to output/tai-e-plan.yml
WorldBuilder starts ...
10021 classes with 98917 methods in the world
WorldBuilder finishes, elapsed time: 1.09s
throw starts ...
2 classes in scope (app) of class analyses
4 methods in scope (app) of method analyses
throw finishes, elapsed time: 0.00s
cfg starts ...
cfg finishes, elapsed time: 0.00s
cg starts ...
cg finishes, elapsed time: 0.03s
icfg starts ...
CFG of <java.lang.Object: void <init>()> is absent, try to fix this by adding option -scope=reachable
CFG of <java.lang.Object: void <init>()> is missing
icfg finishes, elapsed time: 0.00s
inter-constprop starts ...
inter-constprop finishes, elapsed time: 0.00s
process-result starts ...
process-result finishes, elapsed time: 0.00s
Tai-e finishes, elapsed time: 1.14s
Tai-e starts ...
Writing options to output/options.yml
Writing analysis plan to output/tai-e-plan.yml
WorldBuilder starts ...
10020 classes with 98917 methods in the world
WorldBuilder finishes, elapsed time: 1.06s
throw starts ...
1 classes in scope (app) of class analyses
4 methods in scope (app) of method analyses
throw finishes, elapsed time: 0.00s
cfg starts ...
cfg finishes, elapsed time: 0.00s
cg starts ...
cg finishes, elapsed time: 0.00s
icfg starts ...
icfg finishes, elapsed time: 0.00s
inter-constprop starts ...
inter-constprop finishes, elapsed time: 0.00s
process-result starts ...
process-result finishes, elapsed time: 0.00s
Tai-e finishes, elapsed time: 1.08s
]]></system-out>
  <system-err><![CDATA[]]></system-err>
</testsuite>
