<?xml version="1.0" encoding="UTF-8"?>
<testsuite name="pascal.taie.analysis.graph.callgraph.cha.CHATest" tests="4" skipped="0" failures="0" errors="0" timestamp="2024-10-29T20:28:14" hostname="Hales-MacBook-Air.local" time="4.332">
  <properties/>
  <testcase name="testVirtualCall" classname="pascal.taie.analysis.graph.callgraph.cha.CHATest" time="1.155"/>
  <testcase name="testStaticCall" classname="pascal.taie.analysis.graph.callgraph.cha.CHATest" time="1.0"/>
  <testcase name="testAbstractMethod" classname="pascal.taie.analysis.graph.callgraph.cha.CHATest" time="1.021"/>
  <testcase name="testInterface" classname="pascal.taie.analysis.graph.callgraph.cha.CHATest" time="1.155"/>
  <system-out><![CDATA[Tai-e starts ...
Writing options to output/options.yml
Writing analysis plan to output/tai-e-plan.yml
WorldBuilder starts ...
10025 classes with 98924 methods in the world
WorldBuilder finishes, elapsed time: 1.09s
cg starts ...
cg finishes, elapsed time: 0.02s
process-result starts ...
process-result finishes, elapsed time: 0.00s
Tai-e finishes, elapsed time: 1.15s
Tai-e starts ...
Writing options to output/options.yml
Writing analysis plan to output/tai-e-plan.yml
WorldBuilder starts ...
10022 classes with 98921 methods in the world
WorldBuilder finishes, elapsed time: 0.99s
cg starts ...
cg finishes, elapsed time: 0.00s
process-result starts ...
process-result finishes, elapsed time: 0.00s
Tai-e finishes, elapsed time: 1.00s
Tai-e starts ...
Writing options to output/options.yml
Writing analysis plan to output/tai-e-plan.yml
WorldBuilder starts ...
10022 classes with 98919 methods in the world
WorldBuilder finishes, elapsed time: 1.00s
cg starts ...
cg finishes, elapsed time: 0.01s
process-result starts ...
process-result finishes, elapsed time: 0.00s
Tai-e finishes, elapsed time: 1.02s
Tai-e starts ...
Writing options to output/options.yml
Writing analysis plan to output/tai-e-plan.yml
WorldBuilder starts ...
10024 classes with 98922 methods in the world
WorldBuilder finishes, elapsed time: 1.14s
cg starts ...
cg finishes, elapsed time: 0.01s
process-result starts ...
process-result finishes, elapsed time: 0.00s
Tai-e finishes, elapsed time: 1.15s
]]></system-out>
  <system-err><![CDATA[]]></system-err>
</testsuite>
