<?xml version="1.0" encoding="UTF-8"?>
<testsuite name="pascal.taie.analysis.graph.callgraph.cha.CHATest" tests="4" skipped="0" failures="4" errors="0" timestamp="2024-10-25T11:53:25" hostname="Hales-MacBook-Air.local" time="3.951">
  <properties/>
  <testcase name="testVirtualCall" classname="pascal.taie.analysis.graph.callgraph.cha.CHATest" time="1.099">
    <failure message="java.lang.AssertionError: Mismatches of analysis &quot;cg&quot;:&#10;&lt;A: void &lt;init&gt;()&gt; [0@L9] invokespecial %this.&lt;java.lang.Object: void &lt;init&gt;()&gt;(); expected: [&lt;java.lang.Object: void &lt;init&gt;()&gt;], given: []&#10;&lt;B: void &lt;init&gt;()&gt; [0@L14] invokespecial %this.&lt;A: void &lt;init&gt;()&gt;(); expected: [&lt;A: void &lt;init&gt;()&gt;], given: []&#10;&lt;VirtualCall: void main(java.lang.String[])&gt; [1@L4] invokespecial temp$0.&lt;B: void &lt;init&gt;()&gt;(); expected: [&lt;B: void &lt;init&gt;()&gt;], given: []&#10;&lt;VirtualCall: void main(java.lang.String[])&gt; [3@L5] invokevirtual b.&lt;B: void foo()&gt;(); expected: [&lt;A: void foo()&gt;, &lt;C: void foo()&gt;, &lt;D: void foo()&gt;], given: []" type="java.lang.AssertionError">java.lang.AssertionError: Mismatches of analysis &quot;cg&quot;:
&lt;A: void &lt;init&gt;()&gt; [0@L9] invokespecial %this.&lt;java.lang.Object: void &lt;init&gt;()&gt;(); expected: [&lt;java.lang.Object: void &lt;init&gt;()&gt;], given: []
&lt;B: void &lt;init&gt;()&gt; [0@L14] invokespecial %this.&lt;A: void &lt;init&gt;()&gt;(); expected: [&lt;A: void &lt;init&gt;()&gt;], given: []
&lt;VirtualCall: void main(java.lang.String[])&gt; [1@L4] invokespecial temp$0.&lt;B: void &lt;init&gt;()&gt;(); expected: [&lt;B: void &lt;init&gt;()&gt;], given: []
&lt;VirtualCall: void main(java.lang.String[])&gt; [3@L5] invokevirtual b.&lt;B: void foo()&gt;(); expected: [&lt;A: void foo()&gt;, &lt;C: void foo()&gt;, &lt;D: void foo()&gt;], given: []
	at org.junit.Assert.fail(Assert.java:89)
	at org.junit.Assert.assertTrue(Assert.java:42)
	at pascal.taie.analysis.Tests.test(Tests.java:92)
	at pascal.taie.analysis.graph.callgraph.cha.CHATest.test(CHATest.java:31)
	at pascal.taie.analysis.graph.callgraph.cha.CHATest.testVirtualCall(CHATest.java:41)
	at java.base/jdk.internal.reflect.NativeMethodAccessorImpl.invoke0(Native Method)
	at java.base/jdk.internal.reflect.NativeMethodAccessorImpl.invoke(NativeMethodAccessorImpl.java:77)
	at java.base/jdk.internal.reflect.DelegatingMethodAccessorImpl.invoke(DelegatingMethodAccessorImpl.java:43)
	at java.base/java.lang.reflect.Method.invoke(Method.java:569)
	at org.junit.runners.model.FrameworkMethod$1.runReflectiveCall(FrameworkMethod.java:59)
	at org.junit.internal.runners.model.ReflectiveCallable.run(ReflectiveCallable.java:12)
	at org.junit.runners.model.FrameworkMethod.invokeExplosively(FrameworkMethod.java:56)
	at org.junit.internal.runners.statements.InvokeMethod.evaluate(InvokeMethod.java:17)
	at org.junit.runners.ParentRunner$3.evaluate(ParentRunner.java:306)
	at org.junit.runners.BlockJUnit4ClassRunner$1.evaluate(BlockJUnit4ClassRunner.java:100)
	at org.junit.runners.ParentRunner.runLeaf(ParentRunner.java:366)
	at org.junit.runners.BlockJUnit4ClassRunner.runChild(BlockJUnit4ClassRunner.java:103)
	at org.junit.runners.BlockJUnit4ClassRunner.runChild(BlockJUnit4ClassRunner.java:63)
	at org.junit.runners.ParentRunner$4.run(ParentRunner.java:331)
	at org.junit.runners.ParentRunner$1.schedule(ParentRunner.java:79)
	at org.junit.runners.ParentRunner.runChildren(ParentRunner.java:329)
	at org.junit.runners.ParentRunner.access$100(ParentRunner.java:66)
	at org.junit.runners.ParentRunner$2.evaluate(ParentRunner.java:293)
	at org.junit.runners.ParentRunner$3.evaluate(ParentRunner.java:306)
	at org.junit.runners.ParentRunner.run(ParentRunner.java:413)
	at org.gradle.api.internal.tasks.testing.junit.JUnitTestClassExecutor.runTestClass(JUnitTestClassExecutor.java:110)
	at org.gradle.api.internal.tasks.testing.junit.JUnitTestClassExecutor.execute(JUnitTestClassExecutor.java:58)
	at org.gradle.api.internal.tasks.testing.junit.JUnitTestClassExecutor.execute(JUnitTestClassExecutor.java:38)
	at org.gradle.api.internal.tasks.testing.junit.AbstractJUnitTestClassProcessor.processTestClass(AbstractJUnitTestClassProcessor.java:62)
	at org.gradle.api.internal.tasks.testing.SuiteTestClassProcessor.processTestClass(SuiteTestClassProcessor.java:51)
	at java.base/jdk.internal.reflect.NativeMethodAccessorImpl.invoke0(Native Method)
	at java.base/jdk.internal.reflect.NativeMethodAccessorImpl.invoke(NativeMethodAccessorImpl.java:77)
	at java.base/jdk.internal.reflect.DelegatingMethodAccessorImpl.invoke(DelegatingMethodAccessorImpl.java:43)
	at java.base/java.lang.reflect.Method.invoke(Method.java:569)
	at org.gradle.internal.dispatch.ReflectionDispatch.dispatch(ReflectionDispatch.java:36)
	at org.gradle.internal.dispatch.ReflectionDispatch.dispatch(ReflectionDispatch.java:24)
	at org.gradle.internal.dispatch.ContextClassLoaderDispatch.dispatch(ContextClassLoaderDispatch.java:33)
	at org.gradle.internal.dispatch.ProxyDispatchAdapter$DispatchingInvocationHandler.invoke(ProxyDispatchAdapter.java:94)
	at jdk.proxy1/jdk.proxy1.$Proxy2.processTestClass(Unknown Source)
	at org.gradle.api.internal.tasks.testing.worker.TestWorker$2.run(TestWorker.java:176)
	at org.gradle.api.internal.tasks.testing.worker.TestWorker.executeAndMaintainThreadName(TestWorker.java:129)
	at org.gradle.api.internal.tasks.testing.worker.TestWorker.execute(TestWorker.java:100)
	at org.gradle.api.internal.tasks.testing.worker.TestWorker.execute(TestWorker.java:60)
	at org.gradle.process.internal.worker.child.ActionExecutionWorker.execute(ActionExecutionWorker.java:56)
	at org.gradle.process.internal.worker.child.SystemApplicationClassLoaderWorker.call(SystemApplicationClassLoaderWorker.java:133)
	at org.gradle.process.internal.worker.child.SystemApplicationClassLoaderWorker.call(SystemApplicationClassLoaderWorker.java:71)
	at worker.org.gradle.process.internal.worker.GradleWorkerMain.run(GradleWorkerMain.java:69)
	at worker.org.gradle.process.internal.worker.GradleWorkerMain.main(GradleWorkerMain.java:74)
</failure>
  </testcase>
  <testcase name="testStaticCall" classname="pascal.taie.analysis.graph.callgraph.cha.CHATest" time="0.934">
    <failure message="java.lang.AssertionError: Mismatches of analysis &quot;cg&quot;:&#10;&lt;A: void baz()&gt; [0@L18] invokestatic &lt;B: void qux()&gt;(); expected: [&lt;B: void qux()&gt;], given: []&#10;&lt;B: void qux()&gt; [0@L24] invokestatic &lt;A: void baz()&gt;(); expected: [&lt;A: void baz()&gt;], given: []&#10;&lt;StaticCall: void main(java.lang.String[])&gt; [0@L4] invokestatic &lt;StaticCall: void foo()&gt;(); expected: [&lt;StaticCall: void foo()&gt;], given: []&#10;&lt;StaticCall: void main(java.lang.String[])&gt; [1@L5] invokestatic &lt;A: void baz()&gt;(); expected: [&lt;A: void baz()&gt;], given: []&#10;&lt;StaticCall: void foo()&gt; [0@L9] invokestatic &lt;StaticCall: void bar()&gt;(); expected: [&lt;StaticCall: void bar()&gt;], given: []" type="java.lang.AssertionError">java.lang.AssertionError: Mismatches of analysis &quot;cg&quot;:
&lt;A: void baz()&gt; [0@L18] invokestatic &lt;B: void qux()&gt;(); expected: [&lt;B: void qux()&gt;], given: []
&lt;B: void qux()&gt; [0@L24] invokestatic &lt;A: void baz()&gt;(); expected: [&lt;A: void baz()&gt;], given: []
&lt;StaticCall: void main(java.lang.String[])&gt; [0@L4] invokestatic &lt;StaticCall: void foo()&gt;(); expected: [&lt;StaticCall: void foo()&gt;], given: []
&lt;StaticCall: void main(java.lang.String[])&gt; [1@L5] invokestatic &lt;A: void baz()&gt;(); expected: [&lt;A: void baz()&gt;], given: []
&lt;StaticCall: void foo()&gt; [0@L9] invokestatic &lt;StaticCall: void bar()&gt;(); expected: [&lt;StaticCall: void bar()&gt;], given: []
	at org.junit.Assert.fail(Assert.java:89)
	at org.junit.Assert.assertTrue(Assert.java:42)
	at pascal.taie.analysis.Tests.test(Tests.java:92)
	at pascal.taie.analysis.graph.callgraph.cha.CHATest.test(CHATest.java:31)
	at pascal.taie.analysis.graph.callgraph.cha.CHATest.testStaticCall(CHATest.java:36)
	at java.base/jdk.internal.reflect.NativeMethodAccessorImpl.invoke0(Native Method)
	at java.base/jdk.internal.reflect.NativeMethodAccessorImpl.invoke(NativeMethodAccessorImpl.java:77)
	at java.base/jdk.internal.reflect.DelegatingMethodAccessorImpl.invoke(DelegatingMethodAccessorImpl.java:43)
	at java.base/java.lang.reflect.Method.invoke(Method.java:569)
	at org.junit.runners.model.FrameworkMethod$1.runReflectiveCall(FrameworkMethod.java:59)
	at org.junit.internal.runners.model.ReflectiveCallable.run(ReflectiveCallable.java:12)
	at org.junit.runners.model.FrameworkMethod.invokeExplosively(FrameworkMethod.java:56)
	at org.junit.internal.runners.statements.InvokeMethod.evaluate(InvokeMethod.java:17)
	at org.junit.runners.ParentRunner$3.evaluate(ParentRunner.java:306)
	at org.junit.runners.BlockJUnit4ClassRunner$1.evaluate(BlockJUnit4ClassRunner.java:100)
	at org.junit.runners.ParentRunner.runLeaf(ParentRunner.java:366)
	at org.junit.runners.BlockJUnit4ClassRunner.runChild(BlockJUnit4ClassRunner.java:103)
	at org.junit.runners.BlockJUnit4ClassRunner.runChild(BlockJUnit4ClassRunner.java:63)
	at org.junit.runners.ParentRunner$4.run(ParentRunner.java:331)
	at org.junit.runners.ParentRunner$1.schedule(ParentRunner.java:79)
	at org.junit.runners.ParentRunner.runChildren(ParentRunner.java:329)
	at org.junit.runners.ParentRunner.access$100(ParentRunner.java:66)
	at org.junit.runners.ParentRunner$2.evaluate(ParentRunner.java:293)
	at org.junit.runners.ParentRunner$3.evaluate(ParentRunner.java:306)
	at org.junit.runners.ParentRunner.run(ParentRunner.java:413)
	at org.gradle.api.internal.tasks.testing.junit.JUnitTestClassExecutor.runTestClass(JUnitTestClassExecutor.java:110)
	at org.gradle.api.internal.tasks.testing.junit.JUnitTestClassExecutor.execute(JUnitTestClassExecutor.java:58)
	at org.gradle.api.internal.tasks.testing.junit.JUnitTestClassExecutor.execute(JUnitTestClassExecutor.java:38)
	at org.gradle.api.internal.tasks.testing.junit.AbstractJUnitTestClassProcessor.processTestClass(AbstractJUnitTestClassProcessor.java:62)
	at org.gradle.api.internal.tasks.testing.SuiteTestClassProcessor.processTestClass(SuiteTestClassProcessor.java:51)
	at java.base/jdk.internal.reflect.NativeMethodAccessorImpl.invoke0(Native Method)
	at java.base/jdk.internal.reflect.NativeMethodAccessorImpl.invoke(NativeMethodAccessorImpl.java:77)
	at java.base/jdk.internal.reflect.DelegatingMethodAccessorImpl.invoke(DelegatingMethodAccessorImpl.java:43)
	at java.base/java.lang.reflect.Method.invoke(Method.java:569)
	at org.gradle.internal.dispatch.ReflectionDispatch.dispatch(ReflectionDispatch.java:36)
	at org.gradle.internal.dispatch.ReflectionDispatch.dispatch(ReflectionDispatch.java:24)
	at org.gradle.internal.dispatch.ContextClassLoaderDispatch.dispatch(ContextClassLoaderDispatch.java:33)
	at org.gradle.internal.dispatch.ProxyDispatchAdapter$DispatchingInvocationHandler.invoke(ProxyDispatchAdapter.java:94)
	at jdk.proxy1/jdk.proxy1.$Proxy2.processTestClass(Unknown Source)
	at org.gradle.api.internal.tasks.testing.worker.TestWorker$2.run(TestWorker.java:176)
	at org.gradle.api.internal.tasks.testing.worker.TestWorker.executeAndMaintainThreadName(TestWorker.java:129)
	at org.gradle.api.internal.tasks.testing.worker.TestWorker.execute(TestWorker.java:100)
	at org.gradle.api.internal.tasks.testing.worker.TestWorker.execute(TestWorker.java:60)
	at org.gradle.process.internal.worker.child.ActionExecutionWorker.execute(ActionExecutionWorker.java:56)
	at org.gradle.process.internal.worker.child.SystemApplicationClassLoaderWorker.call(SystemApplicationClassLoaderWorker.java:133)
	at org.gradle.process.internal.worker.child.SystemApplicationClassLoaderWorker.call(SystemApplicationClassLoaderWorker.java:71)
	at worker.org.gradle.process.internal.worker.GradleWorkerMain.run(GradleWorkerMain.java:69)
	at worker.org.gradle.process.internal.worker.GradleWorkerMain.main(GradleWorkerMain.java:74)
</failure>
  </testcase>
  <testcase name="testAbstractMethod" classname="pascal.taie.analysis.graph.callgraph.cha.CHATest" time="0.938">
    <failure message="java.lang.AssertionError: Mismatches of analysis &quot;cg&quot;:&#10;&lt;A: void &lt;init&gt;()&gt; [0@L9] invokespecial %this.&lt;java.lang.Object: void &lt;init&gt;()&gt;(); expected: [&lt;java.lang.Object: void &lt;init&gt;()&gt;], given: []&#10;&lt;AbstractMethod: void main(java.lang.String[])&gt; [1@L4] invokespecial temp$0.&lt;B: void &lt;init&gt;()&gt;(); expected: [&lt;B: void &lt;init&gt;()&gt;], given: []&#10;&lt;AbstractMethod: void main(java.lang.String[])&gt; [3@L5] invokevirtual a.&lt;A: void foo()&gt;(); expected: [&lt;B: void foo()&gt;], given: []&#10;&lt;B: void &lt;init&gt;()&gt; [0@L13] invokespecial %this.&lt;A: void &lt;init&gt;()&gt;(); expected: [&lt;A: void &lt;init&gt;()&gt;], given: []" type="java.lang.AssertionError">java.lang.AssertionError: Mismatches of analysis &quot;cg&quot;:
&lt;A: void &lt;init&gt;()&gt; [0@L9] invokespecial %this.&lt;java.lang.Object: void &lt;init&gt;()&gt;(); expected: [&lt;java.lang.Object: void &lt;init&gt;()&gt;], given: []
&lt;AbstractMethod: void main(java.lang.String[])&gt; [1@L4] invokespecial temp$0.&lt;B: void &lt;init&gt;()&gt;(); expected: [&lt;B: void &lt;init&gt;()&gt;], given: []
&lt;AbstractMethod: void main(java.lang.String[])&gt; [3@L5] invokevirtual a.&lt;A: void foo()&gt;(); expected: [&lt;B: void foo()&gt;], given: []
&lt;B: void &lt;init&gt;()&gt; [0@L13] invokespecial %this.&lt;A: void &lt;init&gt;()&gt;(); expected: [&lt;A: void &lt;init&gt;()&gt;], given: []
	at org.junit.Assert.fail(Assert.java:89)
	at org.junit.Assert.assertTrue(Assert.java:42)
	at pascal.taie.analysis.Tests.test(Tests.java:92)
	at pascal.taie.analysis.graph.callgraph.cha.CHATest.test(CHATest.java:31)
	at pascal.taie.analysis.graph.callgraph.cha.CHATest.testAbstractMethod(CHATest.java:51)
	at java.base/jdk.internal.reflect.NativeMethodAccessorImpl.invoke0(Native Method)
	at java.base/jdk.internal.reflect.NativeMethodAccessorImpl.invoke(NativeMethodAccessorImpl.java:77)
	at java.base/jdk.internal.reflect.DelegatingMethodAccessorImpl.invoke(DelegatingMethodAccessorImpl.java:43)
	at java.base/java.lang.reflect.Method.invoke(Method.java:569)
	at org.junit.runners.model.FrameworkMethod$1.runReflectiveCall(FrameworkMethod.java:59)
	at org.junit.internal.runners.model.ReflectiveCallable.run(ReflectiveCallable.java:12)
	at org.junit.runners.model.FrameworkMethod.invokeExplosively(FrameworkMethod.java:56)
	at org.junit.internal.runners.statements.InvokeMethod.evaluate(InvokeMethod.java:17)
	at org.junit.runners.ParentRunner$3.evaluate(ParentRunner.java:306)
	at org.junit.runners.BlockJUnit4ClassRunner$1.evaluate(BlockJUnit4ClassRunner.java:100)
	at org.junit.runners.ParentRunner.runLeaf(ParentRunner.java:366)
	at org.junit.runners.BlockJUnit4ClassRunner.runChild(BlockJUnit4ClassRunner.java:103)
	at org.junit.runners.BlockJUnit4ClassRunner.runChild(BlockJUnit4ClassRunner.java:63)
	at org.junit.runners.ParentRunner$4.run(ParentRunner.java:331)
	at org.junit.runners.ParentRunner$1.schedule(ParentRunner.java:79)
	at org.junit.runners.ParentRunner.runChildren(ParentRunner.java:329)
	at org.junit.runners.ParentRunner.access$100(ParentRunner.java:66)
	at org.junit.runners.ParentRunner$2.evaluate(ParentRunner.java:293)
	at org.junit.runners.ParentRunner$3.evaluate(ParentRunner.java:306)
	at org.junit.runners.ParentRunner.run(ParentRunner.java:413)
	at org.gradle.api.internal.tasks.testing.junit.JUnitTestClassExecutor.runTestClass(JUnitTestClassExecutor.java:110)
	at org.gradle.api.internal.tasks.testing.junit.JUnitTestClassExecutor.execute(JUnitTestClassExecutor.java:58)
	at org.gradle.api.internal.tasks.testing.junit.JUnitTestClassExecutor.execute(JUnitTestClassExecutor.java:38)
	at org.gradle.api.internal.tasks.testing.junit.AbstractJUnitTestClassProcessor.processTestClass(AbstractJUnitTestClassProcessor.java:62)
	at org.gradle.api.internal.tasks.testing.SuiteTestClassProcessor.processTestClass(SuiteTestClassProcessor.java:51)
	at java.base/jdk.internal.reflect.NativeMethodAccessorImpl.invoke0(Native Method)
	at java.base/jdk.internal.reflect.NativeMethodAccessorImpl.invoke(NativeMethodAccessorImpl.java:77)
	at java.base/jdk.internal.reflect.DelegatingMethodAccessorImpl.invoke(DelegatingMethodAccessorImpl.java:43)
	at java.base/java.lang.reflect.Method.invoke(Method.java:569)
	at org.gradle.internal.dispatch.ReflectionDispatch.dispatch(ReflectionDispatch.java:36)
	at org.gradle.internal.dispatch.ReflectionDispatch.dispatch(ReflectionDispatch.java:24)
	at org.gradle.internal.dispatch.ContextClassLoaderDispatch.dispatch(ContextClassLoaderDispatch.java:33)
	at org.gradle.internal.dispatch.ProxyDispatchAdapter$DispatchingInvocationHandler.invoke(ProxyDispatchAdapter.java:94)
	at jdk.proxy1/jdk.proxy1.$Proxy2.processTestClass(Unknown Source)
	at org.gradle.api.internal.tasks.testing.worker.TestWorker$2.run(TestWorker.java:176)
	at org.gradle.api.internal.tasks.testing.worker.TestWorker.executeAndMaintainThreadName(TestWorker.java:129)
	at org.gradle.api.internal.tasks.testing.worker.TestWorker.execute(TestWorker.java:100)
	at org.gradle.api.internal.tasks.testing.worker.TestWorker.execute(TestWorker.java:60)
	at org.gradle.process.internal.worker.child.ActionExecutionWorker.execute(ActionExecutionWorker.java:56)
	at org.gradle.process.internal.worker.child.SystemApplicationClassLoaderWorker.call(SystemApplicationClassLoaderWorker.java:133)
	at org.gradle.process.internal.worker.child.SystemApplicationClassLoaderWorker.call(SystemApplicationClassLoaderWorker.java:71)
	at worker.org.gradle.process.internal.worker.GradleWorkerMain.run(GradleWorkerMain.java:69)
	at worker.org.gradle.process.internal.worker.GradleWorkerMain.main(GradleWorkerMain.java:74)
</failure>
  </testcase>
  <testcase name="testInterface" classname="pascal.taie.analysis.graph.callgraph.cha.CHATest" time="0.98">
    <failure message="java.lang.AssertionError: Mismatches of analysis &quot;cg&quot;:&#10;&lt;Interface: void main(java.lang.String[])&gt; [1@L8] invokespecial temp$0.&lt;One: void &lt;init&gt;()&gt;(); expected: [&lt;One: void &lt;init&gt;()&gt;], given: []&#10;&lt;Interface: void main(java.lang.String[])&gt; [3@L9] invokeinterface n.&lt;Number: int get()&gt;(); expected: [&lt;One: int get()&gt;, &lt;Two: int get()&gt;, &lt;Zero: int get()&gt;], given: []&#10;&lt;One: void &lt;init&gt;()&gt; [0@L20] invokespecial %this.&lt;java.lang.Object: void &lt;init&gt;()&gt;(); expected: [&lt;java.lang.Object: void &lt;init&gt;()&gt;], given: []" type="java.lang.AssertionError">java.lang.AssertionError: Mismatches of analysis &quot;cg&quot;:
&lt;Interface: void main(java.lang.String[])&gt; [1@L8] invokespecial temp$0.&lt;One: void &lt;init&gt;()&gt;(); expected: [&lt;One: void &lt;init&gt;()&gt;], given: []
&lt;Interface: void main(java.lang.String[])&gt; [3@L9] invokeinterface n.&lt;Number: int get()&gt;(); expected: [&lt;One: int get()&gt;, &lt;Two: int get()&gt;, &lt;Zero: int get()&gt;], given: []
&lt;One: void &lt;init&gt;()&gt; [0@L20] invokespecial %this.&lt;java.lang.Object: void &lt;init&gt;()&gt;(); expected: [&lt;java.lang.Object: void &lt;init&gt;()&gt;], given: []
	at org.junit.Assert.fail(Assert.java:89)
	at org.junit.Assert.assertTrue(Assert.java:42)
	at pascal.taie.analysis.Tests.test(Tests.java:92)
	at pascal.taie.analysis.graph.callgraph.cha.CHATest.test(CHATest.java:31)
	at pascal.taie.analysis.graph.callgraph.cha.CHATest.testInterface(CHATest.java:46)
	at java.base/jdk.internal.reflect.NativeMethodAccessorImpl.invoke0(Native Method)
	at java.base/jdk.internal.reflect.NativeMethodAccessorImpl.invoke(NativeMethodAccessorImpl.java:77)
	at java.base/jdk.internal.reflect.DelegatingMethodAccessorImpl.invoke(DelegatingMethodAccessorImpl.java:43)
	at java.base/java.lang.reflect.Method.invoke(Method.java:569)
	at org.junit.runners.model.FrameworkMethod$1.runReflectiveCall(FrameworkMethod.java:59)
	at org.junit.internal.runners.model.ReflectiveCallable.run(ReflectiveCallable.java:12)
	at org.junit.runners.model.FrameworkMethod.invokeExplosively(FrameworkMethod.java:56)
	at org.junit.internal.runners.statements.InvokeMethod.evaluate(InvokeMethod.java:17)
	at org.junit.runners.ParentRunner$3.evaluate(ParentRunner.java:306)
	at org.junit.runners.BlockJUnit4ClassRunner$1.evaluate(BlockJUnit4ClassRunner.java:100)
	at org.junit.runners.ParentRunner.runLeaf(ParentRunner.java:366)
	at org.junit.runners.BlockJUnit4ClassRunner.runChild(BlockJUnit4ClassRunner.java:103)
	at org.junit.runners.BlockJUnit4ClassRunner.runChild(BlockJUnit4ClassRunner.java:63)
	at org.junit.runners.ParentRunner$4.run(ParentRunner.java:331)
	at org.junit.runners.ParentRunner$1.schedule(ParentRunner.java:79)
	at org.junit.runners.ParentRunner.runChildren(ParentRunner.java:329)
	at org.junit.runners.ParentRunner.access$100(ParentRunner.java:66)
	at org.junit.runners.ParentRunner$2.evaluate(ParentRunner.java:293)
	at org.junit.runners.ParentRunner$3.evaluate(ParentRunner.java:306)
	at org.junit.runners.ParentRunner.run(ParentRunner.java:413)
	at org.gradle.api.internal.tasks.testing.junit.JUnitTestClassExecutor.runTestClass(JUnitTestClassExecutor.java:110)
	at org.gradle.api.internal.tasks.testing.junit.JUnitTestClassExecutor.execute(JUnitTestClassExecutor.java:58)
	at org.gradle.api.internal.tasks.testing.junit.JUnitTestClassExecutor.execute(JUnitTestClassExecutor.java:38)
	at org.gradle.api.internal.tasks.testing.junit.AbstractJUnitTestClassProcessor.processTestClass(AbstractJUnitTestClassProcessor.java:62)
	at org.gradle.api.internal.tasks.testing.SuiteTestClassProcessor.processTestClass(SuiteTestClassProcessor.java:51)
	at java.base/jdk.internal.reflect.NativeMethodAccessorImpl.invoke0(Native Method)
	at java.base/jdk.internal.reflect.NativeMethodAccessorImpl.invoke(NativeMethodAccessorImpl.java:77)
	at java.base/jdk.internal.reflect.DelegatingMethodAccessorImpl.invoke(DelegatingMethodAccessorImpl.java:43)
	at java.base/java.lang.reflect.Method.invoke(Method.java:569)
	at org.gradle.internal.dispatch.ReflectionDispatch.dispatch(ReflectionDispatch.java:36)
	at org.gradle.internal.dispatch.ReflectionDispatch.dispatch(ReflectionDispatch.java:24)
	at org.gradle.internal.dispatch.ContextClassLoaderDispatch.dispatch(ContextClassLoaderDispatch.java:33)
	at org.gradle.internal.dispatch.ProxyDispatchAdapter$DispatchingInvocationHandler.invoke(ProxyDispatchAdapter.java:94)
	at jdk.proxy1/jdk.proxy1.$Proxy2.processTestClass(Unknown Source)
	at org.gradle.api.internal.tasks.testing.worker.TestWorker$2.run(TestWorker.java:176)
	at org.gradle.api.internal.tasks.testing.worker.TestWorker.executeAndMaintainThreadName(TestWorker.java:129)
	at org.gradle.api.internal.tasks.testing.worker.TestWorker.execute(TestWorker.java:100)
	at org.gradle.api.internal.tasks.testing.worker.TestWorker.execute(TestWorker.java:60)
	at org.gradle.process.internal.worker.child.ActionExecutionWorker.execute(ActionExecutionWorker.java:56)
	at org.gradle.process.internal.worker.child.SystemApplicationClassLoaderWorker.call(SystemApplicationClassLoaderWorker.java:133)
	at org.gradle.process.internal.worker.child.SystemApplicationClassLoaderWorker.call(SystemApplicationClassLoaderWorker.java:71)
	at worker.org.gradle.process.internal.worker.GradleWorkerMain.run(GradleWorkerMain.java:69)
	at worker.org.gradle.process.internal.worker.GradleWorkerMain.main(GradleWorkerMain.java:74)
</failure>
  </testcase>
  <system-out><![CDATA[Tai-e starts ...
Writing options to output/options.yml
Writing analysis plan to output/tai-e-plan.yml
WorldBuilder starts ...
10025 classes with 98924 methods in the world
WorldBuilder finishes, elapsed time: 1.09s
cg starts ...
cg finishes, elapsed time: 0.00s
process-result starts ...
process-result finishes, elapsed time: 0.00s
Tai-e finishes, elapsed time: 1.10s
Tai-e starts ...
Writing options to output/options.yml
Writing analysis plan to output/tai-e-plan.yml
WorldBuilder starts ...
10022 classes with 98921 methods in the world
WorldBuilder finishes, elapsed time: 0.93s
cg starts ...
cg finishes, elapsed time: 0.00s
process-result starts ...
process-result finishes, elapsed time: 0.00s
Tai-e finishes, elapsed time: 0.93s
Tai-e starts ...
Writing options to output/options.yml
Writing analysis plan to output/tai-e-plan.yml
WorldBuilder starts ...
10022 classes with 98919 methods in the world
WorldBuilder finishes, elapsed time: 0.93s
cg starts ...
cg finishes, elapsed time: 0.00s
process-result starts ...
process-result finishes, elapsed time: 0.00s
Tai-e finishes, elapsed time: 0.94s
Tai-e starts ...
Writing options to output/options.yml
Writing analysis plan to output/tai-e-plan.yml
WorldBuilder starts ...
10024 classes with 98922 methods in the world
WorldBuilder finishes, elapsed time: 0.97s
cg starts ...
cg finishes, elapsed time: 0.00s
process-result starts ...
process-result finishes, elapsed time: 0.00s
Tai-e finishes, elapsed time: 0.98s
]]></system-out>
  <system-err><![CDATA[]]></system-err>
</testsuite>
