<?xml version="1.0" encoding="UTF-8"?>
<testsuite name="pascal.taie.analysis.dataflow.analysis.LiveVarTest" tests="6" skipped="0" failures="0" errors="0" timestamp="2024-10-16T18:25:33" hostname="Hales-MacBook-Air.local" time="8.285">
  <properties/>
  <testcase name="Array" classname="pascal.taie.analysis.dataflow.analysis.LiveVarTest" time="1.994"/>
  <testcase name="testBranchLoop" classname="pascal.taie.analysis.dataflow.analysis.LiveVarTest" time="1.829"/>
  <testcase name="Fibonacci" classname="pascal.taie.analysis.dataflow.analysis.LiveVarTest" time="1.228"/>
  <testcase name="Reference" classname="pascal.taie.analysis.dataflow.analysis.LiveVarTest" time="1.182"/>
  <testcase name="testAssign" classname="pascal.taie.analysis.dataflow.analysis.LiveVarTest" time="1.039"/>
  <testcase name="testBranch" classname="pascal.taie.analysis.dataflow.analysis.LiveVarTest" time="1.013"/>
  <system-out><![CDATA[Tai-e starts ...
Writing options to output/options.yml
Writing analysis plan to output/tai-e-plan.yml
WorldBuilder starts ...
Warning: main class 'Array' does not have main(String[]) method!
10007 classes with 98848 methods in the world
WorldBuilder finishes, elapsed time: 1.70s
throw starts ...
1 classes in scope (app) of class analyses
2 methods in scope (app) of method analyses
throw finishes, elapsed time: 0.02s
cfg starts ...
cfg finishes, elapsed time: 0.00s
livevar starts ...
livevar finishes, elapsed time: 0.01s
process-result starts ...
process-result finishes, elapsed time: 0.01s
Tai-e finishes, elapsed time: 1.82s
Tai-e starts ...
Writing options to output/options.yml
Writing analysis plan to output/tai-e-plan.yml
WorldBuilder starts ...
Warning: main class 'BranchLoop' does not have main(String[]) method!
10007 classes with 98849 methods in the world
WorldBuilder finishes, elapsed time: 1.74s
throw starts ...
1 classes in scope (app) of class analyses
3 methods in scope (app) of method analyses
throw finishes, elapsed time: 0.00s
cfg starts ...
cfg finishes, elapsed time: 0.00s
livevar starts ...
livevar finishes, elapsed time: 0.02s
process-result starts ...
process-result finishes, elapsed time: 0.05s
Tai-e finishes, elapsed time: 1.83s
Tai-e starts ...
Writing options to output/options.yml
Writing analysis plan to output/tai-e-plan.yml
WorldBuilder starts ...
Warning: main class 'Fibonacci' does not have main(String[]) method!
10007 classes with 98848 methods in the world
WorldBuilder finishes, elapsed time: 1.21s
throw starts ...
1 classes in scope (app) of class analyses
2 methods in scope (app) of method analyses
throw finishes, elapsed time: 0.00s
cfg starts ...
cfg finishes, elapsed time: 0.00s
livevar starts ...
livevar finishes, elapsed time: 0.00s
process-result starts ...
process-result finishes, elapsed time: 0.00s
Tai-e finishes, elapsed time: 1.23s
Tai-e starts ...
Writing options to output/options.yml
Writing analysis plan to output/tai-e-plan.yml
WorldBuilder starts ...
Warning: main class 'Reference' does not have main(String[]) method!
10010 classes with 98852 methods in the world
WorldBuilder finishes, elapsed time: 1.17s
throw starts ...
4 classes in scope (app) of class analyses
6 methods in scope (app) of method analyses
throw finishes, elapsed time: 0.00s
cfg starts ...
cfg finishes, elapsed time: 0.00s
livevar starts ...
livevar finishes, elapsed time: 0.00s
process-result starts ...
process-result finishes, elapsed time: 0.00s
Tai-e finishes, elapsed time: 1.18s
Tai-e starts ...
Writing options to output/options.yml
Writing analysis plan to output/tai-e-plan.yml
WorldBuilder starts ...
Warning: main class 'Assign' does not have main(String[]) method!
10007 classes with 98848 methods in the world
WorldBuilder finishes, elapsed time: 1.03s
throw starts ...
1 classes in scope (app) of class analyses
2 methods in scope (app) of method analyses
throw finishes, elapsed time: 0.00s
cfg starts ...
cfg finishes, elapsed time: 0.00s
livevar starts ...
livevar finishes, elapsed time: 0.00s
process-result starts ...
process-result finishes, elapsed time: 0.00s
Tai-e finishes, elapsed time: 1.04s
Tai-e starts ...
Writing options to output/options.yml
Writing analysis plan to output/tai-e-plan.yml
WorldBuilder starts ...
Warning: main class 'Branch' does not have main(String[]) method!
10007 classes with 98848 methods in the world
WorldBuilder finishes, elapsed time: 1.00s
throw starts ...
1 classes in scope (app) of class analyses
2 methods in scope (app) of method analyses
throw finishes, elapsed time: 0.00s
cfg starts ...
cfg finishes, elapsed time: 0.00s
livevar starts ...
livevar finishes, elapsed time: 0.00s
process-result starts ...
process-result finishes, elapsed time: 0.00s
Tai-e finishes, elapsed time: 1.01s
]]></system-out>
  <system-err><![CDATA[]]></system-err>
</testsuite>
