<?xml version="1.0" encoding="UTF-8"?>
<testsuite name="pascal.taie.analysis.pta.CIPTATest" tests="10" skipped="0" failures="10" errors="0" timestamp="2024-10-29T21:24:05" hostname="Hales-MacBook-Air.local" time="11.509">
  <properties/>
  <testcase name="testStoreLoad" classname="pascal.taie.analysis.pta.CIPTATest" time="2.146">
    <failure message="pascal.taie.util.AnalysisException: Mismatches of points-to set&#10;&lt;A: void &lt;init&gt;()&gt;/%this, expected: [NewObj{&lt;StoreLoad: void main(java.lang.String[])&gt;[0@L4] new A}], given: null&#10;&lt;B: void &lt;init&gt;()&gt;/%this, expected: [NewObj{&lt;StoreLoad: void main(java.lang.String[])&gt;[3@L5] new B}], given: null&#10;&lt;StoreLoad: void main(java.lang.String[])&gt;/a1, expected: [NewObj{&lt;StoreLoad: void main(java.lang.String[])&gt;[0@L4] new A}], given: null&#10;&lt;StoreLoad: void main(java.lang.String[])&gt;/a2, expected: [NewObj{&lt;StoreLoad: void main(java.lang.String[])&gt;[0@L4] new A}], given: null&#10;&lt;StoreLoad: void main(java.lang.String[])&gt;/b1, expected: [NewObj{&lt;StoreLoad: void main(java.lang.String[])&gt;[3@L5] new B}], given: null&#10;&lt;StoreLoad: void main(java.lang.String[])&gt;/b2, expected: [NewObj{&lt;StoreLoad: void main(java.lang.String[])&gt;[3@L5] new B}], given: null&#10;&lt;StoreLoad: void main(java.lang.String[])&gt;/temp$0, expected: [NewObj{&lt;StoreLoad: void main(java.lang.String[])&gt;[0@L4] new A}], given: null&#10;&lt;StoreLoad: void main(java.lang.String[])&gt;/temp$1, expected: [NewObj{&lt;StoreLoad: void main(java.lang.String[])&gt;[3@L5] new B}], given: null&#10;&lt;java.lang.Object: void &lt;init&gt;()&gt;/%this, expected: [NewObj{&lt;StoreLoad: void main(java.lang.String[])&gt;[0@L4] new A}, NewObj{&lt;StoreLoad: void main(java.lang.String[])&gt;[3@L5] new B}], given: null&#10;NewObj{&lt;StoreLoad: void main(java.lang.String[])&gt;[0@L4] new A}.f, expected: [NewObj{&lt;StoreLoad: void main(java.lang.String[])&gt;[3@L5] new B}], given: null" type="pascal.taie.util.AnalysisException">pascal.taie.util.AnalysisException: Mismatches of points-to set
&lt;A: void &lt;init&gt;()&gt;/%this, expected: [NewObj{&lt;StoreLoad: void main(java.lang.String[])&gt;[0@L4] new A}], given: null
&lt;B: void &lt;init&gt;()&gt;/%this, expected: [NewObj{&lt;StoreLoad: void main(java.lang.String[])&gt;[3@L5] new B}], given: null
&lt;StoreLoad: void main(java.lang.String[])&gt;/a1, expected: [NewObj{&lt;StoreLoad: void main(java.lang.String[])&gt;[0@L4] new A}], given: null
&lt;StoreLoad: void main(java.lang.String[])&gt;/a2, expected: [NewObj{&lt;StoreLoad: void main(java.lang.String[])&gt;[0@L4] new A}], given: null
&lt;StoreLoad: void main(java.lang.String[])&gt;/b1, expected: [NewObj{&lt;StoreLoad: void main(java.lang.String[])&gt;[3@L5] new B}], given: null
&lt;StoreLoad: void main(java.lang.String[])&gt;/b2, expected: [NewObj{&lt;StoreLoad: void main(java.lang.String[])&gt;[3@L5] new B}], given: null
&lt;StoreLoad: void main(java.lang.String[])&gt;/temp$0, expected: [NewObj{&lt;StoreLoad: void main(java.lang.String[])&gt;[0@L4] new A}], given: null
&lt;StoreLoad: void main(java.lang.String[])&gt;/temp$1, expected: [NewObj{&lt;StoreLoad: void main(java.lang.String[])&gt;[3@L5] new B}], given: null
&lt;java.lang.Object: void &lt;init&gt;()&gt;/%this, expected: [NewObj{&lt;StoreLoad: void main(java.lang.String[])&gt;[0@L4] new A}, NewObj{&lt;StoreLoad: void main(java.lang.String[])&gt;[3@L5] new B}], given: null
NewObj{&lt;StoreLoad: void main(java.lang.String[])&gt;[0@L4] new A}.f, expected: [NewObj{&lt;StoreLoad: void main(java.lang.String[])&gt;[3@L5] new B}], given: null
	at app//pascal.taie.analysis.pta.ci.ResultProcessor.comparePointsToSet(ResultProcessor.java:176)
	at app//pascal.taie.analysis.pta.ci.ResultProcessor.process(ResultProcessor.java:79)
	at app//pascal.taie.analysis.pta.ci.CIPTA.analyze(CIPTA.java:48)
	at app//pascal.taie.analysis.pta.ci.CIPTA.analyze(CIPTA.java:34)
	at app//pascal.taie.analysis.AnalysisManager.runProgramAnalysis(AnalysisManager.java:88)
	at app//pascal.taie.analysis.AnalysisManager.runAnalysis(AnalysisManager.java:71)
	at app//pascal.taie.analysis.AnalysisManager.lambda$execute$0(AnalysisManager.java:60)
	at app//pascal.taie.util.Timer.lambda$runAndCount$0(Timer.java:112)
	at app//pascal.taie.util.Timer.runAndCount(Timer.java:93)
	at app//pascal.taie.util.Timer.runAndCount(Timer.java:111)
	at app//pascal.taie.util.Timer.runAndCount(Timer.java:107)
	at app//pascal.taie.analysis.AnalysisManager.lambda$execute$1(AnalysisManager.java:59)
	at java.base@17.0.13/java.util.ArrayList.forEach(ArrayList.java:1511)
	at app//pascal.taie.analysis.AnalysisManager.execute(AnalysisManager.java:59)
	at app//pascal.taie.Main.executePlan(Main.java:142)
	at app//pascal.taie.Main.lambda$main$0(Main.java:56)
	at app//pascal.taie.util.Timer.lambda$runAndCount$0(Timer.java:112)
	at app//pascal.taie.util.Timer.runAndCount(Timer.java:93)
	at app//pascal.taie.util.Timer.runAndCount(Timer.java:111)
	at app//pascal.taie.util.Timer.runAndCount(Timer.java:107)
	at app//pascal.taie.Main.main(Main.java:48)
	at app//pascal.taie.analysis.Tests.doTestPTA(Tests.java:84)
	at app//pascal.taie.analysis.Tests.testCIPTA(Tests.java:52)
	at app//pascal.taie.analysis.pta.CIPTATest.testStoreLoad(CIPTATest.java:54)
	at java.base@17.0.13/jdk.internal.reflect.NativeMethodAccessorImpl.invoke0(Native Method)
	at java.base@17.0.13/jdk.internal.reflect.NativeMethodAccessorImpl.invoke(NativeMethodAccessorImpl.java:77)
	at java.base@17.0.13/jdk.internal.reflect.DelegatingMethodAccessorImpl.invoke(DelegatingMethodAccessorImpl.java:43)
	at java.base@17.0.13/java.lang.reflect.Method.invoke(Method.java:569)
	at app//org.junit.runners.model.FrameworkMethod$1.runReflectiveCall(FrameworkMethod.java:59)
	at app//org.junit.internal.runners.model.ReflectiveCallable.run(ReflectiveCallable.java:12)
	at app//org.junit.runners.model.FrameworkMethod.invokeExplosively(FrameworkMethod.java:56)
	at app//org.junit.internal.runners.statements.InvokeMethod.evaluate(InvokeMethod.java:17)
	at app//org.junit.runners.ParentRunner$3.evaluate(ParentRunner.java:306)
	at app//org.junit.runners.BlockJUnit4ClassRunner$1.evaluate(BlockJUnit4ClassRunner.java:100)
	at app//org.junit.runners.ParentRunner.runLeaf(ParentRunner.java:366)
	at app//org.junit.runners.BlockJUnit4ClassRunner.runChild(BlockJUnit4ClassRunner.java:103)
	at app//org.junit.runners.BlockJUnit4ClassRunner.runChild(BlockJUnit4ClassRunner.java:63)
	at app//org.junit.runners.ParentRunner$4.run(ParentRunner.java:331)
	at app//org.junit.runners.ParentRunner$1.schedule(ParentRunner.java:79)
	at app//org.junit.runners.ParentRunner.runChildren(ParentRunner.java:329)
	at app//org.junit.runners.ParentRunner.access$100(ParentRunner.java:66)
	at app//org.junit.runners.ParentRunner$2.evaluate(ParentRunner.java:293)
	at app//org.junit.runners.ParentRunner$3.evaluate(ParentRunner.java:306)
	at app//org.junit.runners.ParentRunner.run(ParentRunner.java:413)
	at org.gradle.api.internal.tasks.testing.junit.JUnitTestClassExecutor.runTestClass(JUnitTestClassExecutor.java:110)
	at org.gradle.api.internal.tasks.testing.junit.JUnitTestClassExecutor.execute(JUnitTestClassExecutor.java:58)
	at org.gradle.api.internal.tasks.testing.junit.JUnitTestClassExecutor.execute(JUnitTestClassExecutor.java:38)
	at org.gradle.api.internal.tasks.testing.junit.AbstractJUnitTestClassProcessor.processTestClass(AbstractJUnitTestClassProcessor.java:62)
	at org.gradle.api.internal.tasks.testing.SuiteTestClassProcessor.processTestClass(SuiteTestClassProcessor.java:51)
	at java.base@17.0.13/jdk.internal.reflect.NativeMethodAccessorImpl.invoke0(Native Method)
	at java.base@17.0.13/jdk.internal.reflect.NativeMethodAccessorImpl.invoke(NativeMethodAccessorImpl.java:77)
	at java.base@17.0.13/jdk.internal.reflect.DelegatingMethodAccessorImpl.invoke(DelegatingMethodAccessorImpl.java:43)
	at java.base@17.0.13/java.lang.reflect.Method.invoke(Method.java:569)
	at org.gradle.internal.dispatch.ReflectionDispatch.dispatch(ReflectionDispatch.java:36)
	at org.gradle.internal.dispatch.ReflectionDispatch.dispatch(ReflectionDispatch.java:24)
	at org.gradle.internal.dispatch.ContextClassLoaderDispatch.dispatch(ContextClassLoaderDispatch.java:33)
	at org.gradle.internal.dispatch.ProxyDispatchAdapter$DispatchingInvocationHandler.invoke(ProxyDispatchAdapter.java:94)
	at jdk.proxy1/jdk.proxy1.$Proxy2.processTestClass(Unknown Source)
	at org.gradle.api.internal.tasks.testing.worker.TestWorker$2.run(TestWorker.java:176)
	at org.gradle.api.internal.tasks.testing.worker.TestWorker.executeAndMaintainThreadName(TestWorker.java:129)
	at org.gradle.api.internal.tasks.testing.worker.TestWorker.execute(TestWorker.java:100)
	at org.gradle.api.internal.tasks.testing.worker.TestWorker.execute(TestWorker.java:60)
	at org.gradle.process.internal.worker.child.ActionExecutionWorker.execute(ActionExecutionWorker.java:56)
	at org.gradle.process.internal.worker.child.SystemApplicationClassLoaderWorker.call(SystemApplicationClassLoaderWorker.java:133)
	at org.gradle.process.internal.worker.child.SystemApplicationClassLoaderWorker.call(SystemApplicationClassLoaderWorker.java:71)
	at app//worker.org.gradle.process.internal.worker.GradleWorkerMain.run(GradleWorkerMain.java:69)
	at app//worker.org.gradle.process.internal.worker.GradleWorkerMain.main(GradleWorkerMain.java:74)
</failure>
  </testcase>
  <testcase name="testMergeParam" classname="pascal.taie.analysis.pta.CIPTATest" time="1.654">
    <failure message="pascal.taie.util.AnalysisException: Mismatches of points-to set&#10;&lt;A: void &lt;init&gt;()&gt;/%this, expected: [NewObj{&lt;MergeParam: void main(java.lang.String[])&gt;[0@L4] new A}, NewObj{&lt;MergeParam: void main(java.lang.String[])&gt;[3@L5] new A}], given: null&#10;&lt;MergeParam: A foo(A)&gt;/a, expected: [NewObj{&lt;MergeParam: void main(java.lang.String[])&gt;[0@L4] new A}, NewObj{&lt;MergeParam: void main(java.lang.String[])&gt;[3@L5] new A}], given: null&#10;&lt;MergeParam: void main(java.lang.String[])&gt;/a1, expected: [NewObj{&lt;MergeParam: void main(java.lang.String[])&gt;[0@L4] new A}], given: null&#10;&lt;MergeParam: void main(java.lang.String[])&gt;/a2, expected: [NewObj{&lt;MergeParam: void main(java.lang.String[])&gt;[3@L5] new A}], given: null&#10;&lt;MergeParam: void main(java.lang.String[])&gt;/result, expected: [NewObj{&lt;MergeParam: void main(java.lang.String[])&gt;[0@L4] new A}, NewObj{&lt;MergeParam: void main(java.lang.String[])&gt;[3@L5] new A}], given: null&#10;&lt;MergeParam: void main(java.lang.String[])&gt;/temp$0, expected: [NewObj{&lt;MergeParam: void main(java.lang.String[])&gt;[0@L4] new A}], given: null&#10;&lt;MergeParam: void main(java.lang.String[])&gt;/temp$1, expected: [NewObj{&lt;MergeParam: void main(java.lang.String[])&gt;[3@L5] new A}], given: null&#10;&lt;MergeParam: void main(java.lang.String[])&gt;/temp$2, expected: [NewObj{&lt;MergeParam: void main(java.lang.String[])&gt;[0@L4] new A}, NewObj{&lt;MergeParam: void main(java.lang.String[])&gt;[3@L5] new A}], given: null&#10;&lt;MergeParam: void main(java.lang.String[])&gt;/temp$3, expected: [NewObj{&lt;MergeParam: void main(java.lang.String[])&gt;[0@L4] new A}, NewObj{&lt;MergeParam: void main(java.lang.String[])&gt;[3@L5] new A}], given: null&#10;&lt;java.lang.Object: void &lt;init&gt;()&gt;/%this, expected: [NewObj{&lt;MergeParam: void main(java.lang.String[])&gt;[0@L4] new A}, NewObj{&lt;MergeParam: void main(java.lang.String[])&gt;[3@L5] new A}], given: null" type="pascal.taie.util.AnalysisException">pascal.taie.util.AnalysisException: Mismatches of points-to set
&lt;A: void &lt;init&gt;()&gt;/%this, expected: [NewObj{&lt;MergeParam: void main(java.lang.String[])&gt;[0@L4] new A}, NewObj{&lt;MergeParam: void main(java.lang.String[])&gt;[3@L5] new A}], given: null
&lt;MergeParam: A foo(A)&gt;/a, expected: [NewObj{&lt;MergeParam: void main(java.lang.String[])&gt;[0@L4] new A}, NewObj{&lt;MergeParam: void main(java.lang.String[])&gt;[3@L5] new A}], given: null
&lt;MergeParam: void main(java.lang.String[])&gt;/a1, expected: [NewObj{&lt;MergeParam: void main(java.lang.String[])&gt;[0@L4] new A}], given: null
&lt;MergeParam: void main(java.lang.String[])&gt;/a2, expected: [NewObj{&lt;MergeParam: void main(java.lang.String[])&gt;[3@L5] new A}], given: null
&lt;MergeParam: void main(java.lang.String[])&gt;/result, expected: [NewObj{&lt;MergeParam: void main(java.lang.String[])&gt;[0@L4] new A}, NewObj{&lt;MergeParam: void main(java.lang.String[])&gt;[3@L5] new A}], given: null
&lt;MergeParam: void main(java.lang.String[])&gt;/temp$0, expected: [NewObj{&lt;MergeParam: void main(java.lang.String[])&gt;[0@L4] new A}], given: null
&lt;MergeParam: void main(java.lang.String[])&gt;/temp$1, expected: [NewObj{&lt;MergeParam: void main(java.lang.String[])&gt;[3@L5] new A}], given: null
&lt;MergeParam: void main(java.lang.String[])&gt;/temp$2, expected: [NewObj{&lt;MergeParam: void main(java.lang.String[])&gt;[0@L4] new A}, NewObj{&lt;MergeParam: void main(java.lang.String[])&gt;[3@L5] new A}], given: null
&lt;MergeParam: void main(java.lang.String[])&gt;/temp$3, expected: [NewObj{&lt;MergeParam: void main(java.lang.String[])&gt;[0@L4] new A}, NewObj{&lt;MergeParam: void main(java.lang.String[])&gt;[3@L5] new A}], given: null
&lt;java.lang.Object: void &lt;init&gt;()&gt;/%this, expected: [NewObj{&lt;MergeParam: void main(java.lang.String[])&gt;[0@L4] new A}, NewObj{&lt;MergeParam: void main(java.lang.String[])&gt;[3@L5] new A}], given: null
	at app//pascal.taie.analysis.pta.ci.ResultProcessor.comparePointsToSet(ResultProcessor.java:176)
	at app//pascal.taie.analysis.pta.ci.ResultProcessor.process(ResultProcessor.java:79)
	at app//pascal.taie.analysis.pta.ci.CIPTA.analyze(CIPTA.java:48)
	at app//pascal.taie.analysis.pta.ci.CIPTA.analyze(CIPTA.java:34)
	at app//pascal.taie.analysis.AnalysisManager.runProgramAnalysis(AnalysisManager.java:88)
	at app//pascal.taie.analysis.AnalysisManager.runAnalysis(AnalysisManager.java:71)
	at app//pascal.taie.analysis.AnalysisManager.lambda$execute$0(AnalysisManager.java:60)
	at app//pascal.taie.util.Timer.lambda$runAndCount$0(Timer.java:112)
	at app//pascal.taie.util.Timer.runAndCount(Timer.java:93)
	at app//pascal.taie.util.Timer.runAndCount(Timer.java:111)
	at app//pascal.taie.util.Timer.runAndCount(Timer.java:107)
	at app//pascal.taie.analysis.AnalysisManager.lambda$execute$1(AnalysisManager.java:59)
	at java.base@17.0.13/java.util.ArrayList.forEach(ArrayList.java:1511)
	at app//pascal.taie.analysis.AnalysisManager.execute(AnalysisManager.java:59)
	at app//pascal.taie.Main.executePlan(Main.java:142)
	at app//pascal.taie.Main.lambda$main$0(Main.java:56)
	at app//pascal.taie.util.Timer.lambda$runAndCount$0(Timer.java:112)
	at app//pascal.taie.util.Timer.runAndCount(Timer.java:93)
	at app//pascal.taie.util.Timer.runAndCount(Timer.java:111)
	at app//pascal.taie.util.Timer.runAndCount(Timer.java:107)
	at app//pascal.taie.Main.main(Main.java:48)
	at app//pascal.taie.analysis.Tests.doTestPTA(Tests.java:84)
	at app//pascal.taie.analysis.Tests.testCIPTA(Tests.java:52)
	at app//pascal.taie.analysis.pta.CIPTATest.testMergeParam(CIPTATest.java:79)
	at java.base@17.0.13/jdk.internal.reflect.NativeMethodAccessorImpl.invoke0(Native Method)
	at java.base@17.0.13/jdk.internal.reflect.NativeMethodAccessorImpl.invoke(NativeMethodAccessorImpl.java:77)
	at java.base@17.0.13/jdk.internal.reflect.DelegatingMethodAccessorImpl.invoke(DelegatingMethodAccessorImpl.java:43)
	at java.base@17.0.13/java.lang.reflect.Method.invoke(Method.java:569)
	at app//org.junit.runners.model.FrameworkMethod$1.runReflectiveCall(FrameworkMethod.java:59)
	at app//org.junit.internal.runners.model.ReflectiveCallable.run(ReflectiveCallable.java:12)
	at app//org.junit.runners.model.FrameworkMethod.invokeExplosively(FrameworkMethod.java:56)
	at app//org.junit.internal.runners.statements.InvokeMethod.evaluate(InvokeMethod.java:17)
	at app//org.junit.runners.ParentRunner$3.evaluate(ParentRunner.java:306)
	at app//org.junit.runners.BlockJUnit4ClassRunner$1.evaluate(BlockJUnit4ClassRunner.java:100)
	at app//org.junit.runners.ParentRunner.runLeaf(ParentRunner.java:366)
	at app//org.junit.runners.BlockJUnit4ClassRunner.runChild(BlockJUnit4ClassRunner.java:103)
	at app//org.junit.runners.BlockJUnit4ClassRunner.runChild(BlockJUnit4ClassRunner.java:63)
	at app//org.junit.runners.ParentRunner$4.run(ParentRunner.java:331)
	at app//org.junit.runners.ParentRunner$1.schedule(ParentRunner.java:79)
	at app//org.junit.runners.ParentRunner.runChildren(ParentRunner.java:329)
	at app//org.junit.runners.ParentRunner.access$100(ParentRunner.java:66)
	at app//org.junit.runners.ParentRunner$2.evaluate(ParentRunner.java:293)
	at app//org.junit.runners.ParentRunner$3.evaluate(ParentRunner.java:306)
	at app//org.junit.runners.ParentRunner.run(ParentRunner.java:413)
	at org.gradle.api.internal.tasks.testing.junit.JUnitTestClassExecutor.runTestClass(JUnitTestClassExecutor.java:110)
	at org.gradle.api.internal.tasks.testing.junit.JUnitTestClassExecutor.execute(JUnitTestClassExecutor.java:58)
	at org.gradle.api.internal.tasks.testing.junit.JUnitTestClassExecutor.execute(JUnitTestClassExecutor.java:38)
	at org.gradle.api.internal.tasks.testing.junit.AbstractJUnitTestClassProcessor.processTestClass(AbstractJUnitTestClassProcessor.java:62)
	at org.gradle.api.internal.tasks.testing.SuiteTestClassProcessor.processTestClass(SuiteTestClassProcessor.java:51)
	at java.base@17.0.13/jdk.internal.reflect.NativeMethodAccessorImpl.invoke0(Native Method)
	at java.base@17.0.13/jdk.internal.reflect.NativeMethodAccessorImpl.invoke(NativeMethodAccessorImpl.java:77)
	at java.base@17.0.13/jdk.internal.reflect.DelegatingMethodAccessorImpl.invoke(DelegatingMethodAccessorImpl.java:43)
	at java.base@17.0.13/java.lang.reflect.Method.invoke(Method.java:569)
	at org.gradle.internal.dispatch.ReflectionDispatch.dispatch(ReflectionDispatch.java:36)
	at org.gradle.internal.dispatch.ReflectionDispatch.dispatch(ReflectionDispatch.java:24)
	at org.gradle.internal.dispatch.ContextClassLoaderDispatch.dispatch(ContextClassLoaderDispatch.java:33)
	at org.gradle.internal.dispatch.ProxyDispatchAdapter$DispatchingInvocationHandler.invoke(ProxyDispatchAdapter.java:94)
	at jdk.proxy1/jdk.proxy1.$Proxy2.processTestClass(Unknown Source)
	at org.gradle.api.internal.tasks.testing.worker.TestWorker$2.run(TestWorker.java:176)
	at org.gradle.api.internal.tasks.testing.worker.TestWorker.executeAndMaintainThreadName(TestWorker.java:129)
	at org.gradle.api.internal.tasks.testing.worker.TestWorker.execute(TestWorker.java:100)
	at org.gradle.api.internal.tasks.testing.worker.TestWorker.execute(TestWorker.java:60)
	at org.gradle.process.internal.worker.child.ActionExecutionWorker.execute(ActionExecutionWorker.java:56)
	at org.gradle.process.internal.worker.child.SystemApplicationClassLoaderWorker.call(SystemApplicationClassLoaderWorker.java:133)
	at org.gradle.process.internal.worker.child.SystemApplicationClassLoaderWorker.call(SystemApplicationClassLoaderWorker.java:71)
	at app//worker.org.gradle.process.internal.worker.GradleWorkerMain.run(GradleWorkerMain.java:69)
	at app//worker.org.gradle.process.internal.worker.GradleWorkerMain.main(GradleWorkerMain.java:74)
</failure>
  </testcase>
  <testcase name="testExample" classname="pascal.taie.analysis.pta.CIPTATest" time="1.085">
    <failure message="pascal.taie.util.AnalysisException: Mismatches of points-to set&#10;&lt;A: void &lt;init&gt;()&gt;/%this, expected: [NewObj{&lt;B: A foo(A)&gt;[0@L18] new A}, NewObj{&lt;Example: void main(java.lang.String[])&gt;[0@L4] new A}, NewObj{&lt;Example: void main(java.lang.String[])&gt;[3@L5] new B}], given: null&#10;&lt;B: A foo(A)&gt;/%this, expected: [NewObj{&lt;Example: void main(java.lang.String[])&gt;[3@L5] new B}], given: null&#10;&lt;B: A foo(A)&gt;/r, expected: [NewObj{&lt;B: A foo(A)&gt;[0@L18] new A}], given: null&#10;&lt;B: A foo(A)&gt;/temp$0, expected: [NewObj{&lt;B: A foo(A)&gt;[0@L18] new A}], given: null&#10;&lt;B: A foo(A)&gt;/y, expected: [NewObj{&lt;Example: void main(java.lang.String[])&gt;[0@L4] new A}], given: null&#10;&lt;B: void &lt;init&gt;()&gt;/%this, expected: [NewObj{&lt;Example: void main(java.lang.String[])&gt;[3@L5] new B}], given: null&#10;&lt;Example: void main(java.lang.String[])&gt;/a, expected: [NewObj{&lt;Example: void main(java.lang.String[])&gt;[0@L4] new A}], given: null&#10;&lt;Example: void main(java.lang.String[])&gt;/b, expected: [NewObj{&lt;Example: void main(java.lang.String[])&gt;[3@L5] new B}], given: null&#10;&lt;Example: void main(java.lang.String[])&gt;/c, expected: [NewObj{&lt;B: A foo(A)&gt;[0@L18] new A}], given: null&#10;&lt;Example: void main(java.lang.String[])&gt;/temp$0, expected: [NewObj{&lt;Example: void main(java.lang.String[])&gt;[0@L4] new A}], given: null&#10;&lt;Example: void main(java.lang.String[])&gt;/temp$1, expected: [NewObj{&lt;Example: void main(java.lang.String[])&gt;[3@L5] new B}], given: null&#10;&lt;Example: void main(java.lang.String[])&gt;/temp$2, expected: [NewObj{&lt;B: A foo(A)&gt;[0@L18] new A}], given: null&#10;&lt;java.lang.Object: void &lt;init&gt;()&gt;/%this, expected: [NewObj{&lt;B: A foo(A)&gt;[0@L18] new A}, NewObj{&lt;Example: void main(java.lang.String[])&gt;[0@L4] new A}, NewObj{&lt;Example: void main(java.lang.String[])&gt;[3@L5] new B}], given: null" type="pascal.taie.util.AnalysisException">pascal.taie.util.AnalysisException: Mismatches of points-to set
&lt;A: void &lt;init&gt;()&gt;/%this, expected: [NewObj{&lt;B: A foo(A)&gt;[0@L18] new A}, NewObj{&lt;Example: void main(java.lang.String[])&gt;[0@L4] new A}, NewObj{&lt;Example: void main(java.lang.String[])&gt;[3@L5] new B}], given: null
&lt;B: A foo(A)&gt;/%this, expected: [NewObj{&lt;Example: void main(java.lang.String[])&gt;[3@L5] new B}], given: null
&lt;B: A foo(A)&gt;/r, expected: [NewObj{&lt;B: A foo(A)&gt;[0@L18] new A}], given: null
&lt;B: A foo(A)&gt;/temp$0, expected: [NewObj{&lt;B: A foo(A)&gt;[0@L18] new A}], given: null
&lt;B: A foo(A)&gt;/y, expected: [NewObj{&lt;Example: void main(java.lang.String[])&gt;[0@L4] new A}], given: null
&lt;B: void &lt;init&gt;()&gt;/%this, expected: [NewObj{&lt;Example: void main(java.lang.String[])&gt;[3@L5] new B}], given: null
&lt;Example: void main(java.lang.String[])&gt;/a, expected: [NewObj{&lt;Example: void main(java.lang.String[])&gt;[0@L4] new A}], given: null
&lt;Example: void main(java.lang.String[])&gt;/b, expected: [NewObj{&lt;Example: void main(java.lang.String[])&gt;[3@L5] new B}], given: null
&lt;Example: void main(java.lang.String[])&gt;/c, expected: [NewObj{&lt;B: A foo(A)&gt;[0@L18] new A}], given: null
&lt;Example: void main(java.lang.String[])&gt;/temp$0, expected: [NewObj{&lt;Example: void main(java.lang.String[])&gt;[0@L4] new A}], given: null
&lt;Example: void main(java.lang.String[])&gt;/temp$1, expected: [NewObj{&lt;Example: void main(java.lang.String[])&gt;[3@L5] new B}], given: null
&lt;Example: void main(java.lang.String[])&gt;/temp$2, expected: [NewObj{&lt;B: A foo(A)&gt;[0@L18] new A}], given: null
&lt;java.lang.Object: void &lt;init&gt;()&gt;/%this, expected: [NewObj{&lt;B: A foo(A)&gt;[0@L18] new A}, NewObj{&lt;Example: void main(java.lang.String[])&gt;[0@L4] new A}, NewObj{&lt;Example: void main(java.lang.String[])&gt;[3@L5] new B}], given: null
	at app//pascal.taie.analysis.pta.ci.ResultProcessor.comparePointsToSet(ResultProcessor.java:176)
	at app//pascal.taie.analysis.pta.ci.ResultProcessor.process(ResultProcessor.java:79)
	at app//pascal.taie.analysis.pta.ci.CIPTA.analyze(CIPTA.java:48)
	at app//pascal.taie.analysis.pta.ci.CIPTA.analyze(CIPTA.java:34)
	at app//pascal.taie.analysis.AnalysisManager.runProgramAnalysis(AnalysisManager.java:88)
	at app//pascal.taie.analysis.AnalysisManager.runAnalysis(AnalysisManager.java:71)
	at app//pascal.taie.analysis.AnalysisManager.lambda$execute$0(AnalysisManager.java:60)
	at app//pascal.taie.util.Timer.lambda$runAndCount$0(Timer.java:112)
	at app//pascal.taie.util.Timer.runAndCount(Timer.java:93)
	at app//pascal.taie.util.Timer.runAndCount(Timer.java:111)
	at app//pascal.taie.util.Timer.runAndCount(Timer.java:107)
	at app//pascal.taie.analysis.AnalysisManager.lambda$execute$1(AnalysisManager.java:59)
	at java.base@17.0.13/java.util.ArrayList.forEach(ArrayList.java:1511)
	at app//pascal.taie.analysis.AnalysisManager.execute(AnalysisManager.java:59)
	at app//pascal.taie.Main.executePlan(Main.java:142)
	at app//pascal.taie.Main.lambda$main$0(Main.java:56)
	at app//pascal.taie.util.Timer.lambda$runAndCount$0(Timer.java:112)
	at app//pascal.taie.util.Timer.runAndCount(Timer.java:93)
	at app//pascal.taie.util.Timer.runAndCount(Timer.java:111)
	at app//pascal.taie.util.Timer.runAndCount(Timer.java:107)
	at app//pascal.taie.Main.main(Main.java:48)
	at app//pascal.taie.analysis.Tests.doTestPTA(Tests.java:84)
	at app//pascal.taie.analysis.Tests.testCIPTA(Tests.java:52)
	at app//pascal.taie.analysis.pta.CIPTATest.testExample(CIPTATest.java:34)
	at java.base@17.0.13/jdk.internal.reflect.NativeMethodAccessorImpl.invoke0(Native Method)
	at java.base@17.0.13/jdk.internal.reflect.NativeMethodAccessorImpl.invoke(NativeMethodAccessorImpl.java:77)
	at java.base@17.0.13/jdk.internal.reflect.DelegatingMethodAccessorImpl.invoke(DelegatingMethodAccessorImpl.java:43)
	at java.base@17.0.13/java.lang.reflect.Method.invoke(Method.java:569)
	at app//org.junit.runners.model.FrameworkMethod$1.runReflectiveCall(FrameworkMethod.java:59)
	at app//org.junit.internal.runners.model.ReflectiveCallable.run(ReflectiveCallable.java:12)
	at app//org.junit.runners.model.FrameworkMethod.invokeExplosively(FrameworkMethod.java:56)
	at app//org.junit.internal.runners.statements.InvokeMethod.evaluate(InvokeMethod.java:17)
	at app//org.junit.runners.ParentRunner$3.evaluate(ParentRunner.java:306)
	at app//org.junit.runners.BlockJUnit4ClassRunner$1.evaluate(BlockJUnit4ClassRunner.java:100)
	at app//org.junit.runners.ParentRunner.runLeaf(ParentRunner.java:366)
	at app//org.junit.runners.BlockJUnit4ClassRunner.runChild(BlockJUnit4ClassRunner.java:103)
	at app//org.junit.runners.BlockJUnit4ClassRunner.runChild(BlockJUnit4ClassRunner.java:63)
	at app//org.junit.runners.ParentRunner$4.run(ParentRunner.java:331)
	at app//org.junit.runners.ParentRunner$1.schedule(ParentRunner.java:79)
	at app//org.junit.runners.ParentRunner.runChildren(ParentRunner.java:329)
	at app//org.junit.runners.ParentRunner.access$100(ParentRunner.java:66)
	at app//org.junit.runners.ParentRunner$2.evaluate(ParentRunner.java:293)
	at app//org.junit.runners.ParentRunner$3.evaluate(ParentRunner.java:306)
	at app//org.junit.runners.ParentRunner.run(ParentRunner.java:413)
	at org.gradle.api.internal.tasks.testing.junit.JUnitTestClassExecutor.runTestClass(JUnitTestClassExecutor.java:110)
	at org.gradle.api.internal.tasks.testing.junit.JUnitTestClassExecutor.execute(JUnitTestClassExecutor.java:58)
	at org.gradle.api.internal.tasks.testing.junit.JUnitTestClassExecutor.execute(JUnitTestClassExecutor.java:38)
	at org.gradle.api.internal.tasks.testing.junit.AbstractJUnitTestClassProcessor.processTestClass(AbstractJUnitTestClassProcessor.java:62)
	at org.gradle.api.internal.tasks.testing.SuiteTestClassProcessor.processTestClass(SuiteTestClassProcessor.java:51)
	at java.base@17.0.13/jdk.internal.reflect.NativeMethodAccessorImpl.invoke0(Native Method)
	at java.base@17.0.13/jdk.internal.reflect.NativeMethodAccessorImpl.invoke(NativeMethodAccessorImpl.java:77)
	at java.base@17.0.13/jdk.internal.reflect.DelegatingMethodAccessorImpl.invoke(DelegatingMethodAccessorImpl.java:43)
	at java.base@17.0.13/java.lang.reflect.Method.invoke(Method.java:569)
	at org.gradle.internal.dispatch.ReflectionDispatch.dispatch(ReflectionDispatch.java:36)
	at org.gradle.internal.dispatch.ReflectionDispatch.dispatch(ReflectionDispatch.java:24)
	at org.gradle.internal.dispatch.ContextClassLoaderDispatch.dispatch(ContextClassLoaderDispatch.java:33)
	at org.gradle.internal.dispatch.ProxyDispatchAdapter$DispatchingInvocationHandler.invoke(ProxyDispatchAdapter.java:94)
	at jdk.proxy1/jdk.proxy1.$Proxy2.processTestClass(Unknown Source)
	at org.gradle.api.internal.tasks.testing.worker.TestWorker$2.run(TestWorker.java:176)
	at org.gradle.api.internal.tasks.testing.worker.TestWorker.executeAndMaintainThreadName(TestWorker.java:129)
	at org.gradle.api.internal.tasks.testing.worker.TestWorker.execute(TestWorker.java:100)
	at org.gradle.api.internal.tasks.testing.worker.TestWorker.execute(TestWorker.java:60)
	at org.gradle.process.internal.worker.child.ActionExecutionWorker.execute(ActionExecutionWorker.java:56)
	at org.gradle.process.internal.worker.child.SystemApplicationClassLoaderWorker.call(SystemApplicationClassLoaderWorker.java:133)
	at org.gradle.process.internal.worker.child.SystemApplicationClassLoaderWorker.call(SystemApplicationClassLoaderWorker.java:71)
	at app//worker.org.gradle.process.internal.worker.GradleWorkerMain.run(GradleWorkerMain.java:69)
	at app//worker.org.gradle.process.internal.worker.GradleWorkerMain.main(GradleWorkerMain.java:74)
</failure>
  </testcase>
  <testcase name="testArray" classname="pascal.taie.analysis.pta.CIPTATest" time="1.104">
    <failure message="pascal.taie.util.AnalysisException: Mismatches of points-to set&#10;&lt;A: void &lt;init&gt;()&gt;/%this, expected: [NewObj{&lt;Array: void main(java.lang.String[])&gt;[14@L10] new A}, NewObj{&lt;Array: void main(java.lang.String[])&gt;[2@L5] new A}, NewObj{&lt;Array: void main(java.lang.String[])&gt;[6@L6] new A}], given: null&#10;&lt;Array: void arrayStore(java.lang.Object[],java.lang.Object)&gt;/a, expected: [NewObj{&lt;Array: void main(java.lang.String[])&gt;[13@L9] newarray B[%intconst0]}], given: null&#10;&lt;Array: void arrayStore(java.lang.Object[],java.lang.Object)&gt;/o, expected: [NewObj{&lt;Array: void main(java.lang.String[])&gt;[14@L10] new A}], given: null&#10;&lt;Array: void main(java.lang.String[])&gt;/a, expected: [NewObj{&lt;Array: void main(java.lang.String[])&gt;[2@L5] new A}, NewObj{&lt;Array: void main(java.lang.String[])&gt;[6@L6] new A}], given: null&#10;&lt;Array: void main(java.lang.String[])&gt;/arr, expected: [NewObj{&lt;Array: void main(java.lang.String[])&gt;[1@L4] newarray A[%intconst0]}], given: null&#10;&lt;Array: void main(java.lang.String[])&gt;/barr, expected: [NewObj{&lt;Array: void main(java.lang.String[])&gt;[13@L9] newarray B[%intconst0]}], given: null&#10;&lt;Array: void main(java.lang.String[])&gt;/o, expected: [NewObj{&lt;Array: void main(java.lang.String[])&gt;[14@L10] new A}], given: null&#10;&lt;Array: void main(java.lang.String[])&gt;/temp$2, expected: [NewObj{&lt;Array: void main(java.lang.String[])&gt;[2@L5] new A}], given: null&#10;&lt;Array: void main(java.lang.String[])&gt;/temp$5, expected: [NewObj{&lt;Array: void main(java.lang.String[])&gt;[6@L6] new A}], given: null&#10;&lt;Array: void main(java.lang.String[])&gt;/temp$9, expected: [NewObj{&lt;Array: void main(java.lang.String[])&gt;[14@L10] new A}], given: null&#10;&lt;java.lang.Object: int hashCode()&gt;/%this, expected: [NewObj{&lt;Array: void main(java.lang.String[])&gt;[1@L4] newarray A[%intconst0]}], given: null&#10;&lt;java.lang.Object: void &lt;init&gt;()&gt;/%this, expected: [NewObj{&lt;Array: void main(java.lang.String[])&gt;[14@L10] new A}, NewObj{&lt;Array: void main(java.lang.String[])&gt;[2@L5] new A}, NewObj{&lt;Array: void main(java.lang.String[])&gt;[6@L6] new A}], given: null&#10;NewObj{&lt;Array: void main(java.lang.String[])&gt;[13@L9] newarray B[%intconst0]}[*], expected: [NewObj{&lt;Array: void main(java.lang.String[])&gt;[14@L10] new A}], given: null&#10;NewObj{&lt;Array: void main(java.lang.String[])&gt;[1@L4] newarray A[%intconst0]}[*], expected: [NewObj{&lt;Array: void main(java.lang.String[])&gt;[2@L5] new A}, NewObj{&lt;Array: void main(java.lang.String[])&gt;[6@L6] new A}], given: null" type="pascal.taie.util.AnalysisException">pascal.taie.util.AnalysisException: Mismatches of points-to set
&lt;A: void &lt;init&gt;()&gt;/%this, expected: [NewObj{&lt;Array: void main(java.lang.String[])&gt;[14@L10] new A}, NewObj{&lt;Array: void main(java.lang.String[])&gt;[2@L5] new A}, NewObj{&lt;Array: void main(java.lang.String[])&gt;[6@L6] new A}], given: null
&lt;Array: void arrayStore(java.lang.Object[],java.lang.Object)&gt;/a, expected: [NewObj{&lt;Array: void main(java.lang.String[])&gt;[13@L9] newarray B[%intconst0]}], given: null
&lt;Array: void arrayStore(java.lang.Object[],java.lang.Object)&gt;/o, expected: [NewObj{&lt;Array: void main(java.lang.String[])&gt;[14@L10] new A}], given: null
&lt;Array: void main(java.lang.String[])&gt;/a, expected: [NewObj{&lt;Array: void main(java.lang.String[])&gt;[2@L5] new A}, NewObj{&lt;Array: void main(java.lang.String[])&gt;[6@L6] new A}], given: null
&lt;Array: void main(java.lang.String[])&gt;/arr, expected: [NewObj{&lt;Array: void main(java.lang.String[])&gt;[1@L4] newarray A[%intconst0]}], given: null
&lt;Array: void main(java.lang.String[])&gt;/barr, expected: [NewObj{&lt;Array: void main(java.lang.String[])&gt;[13@L9] newarray B[%intconst0]}], given: null
&lt;Array: void main(java.lang.String[])&gt;/o, expected: [NewObj{&lt;Array: void main(java.lang.String[])&gt;[14@L10] new A}], given: null
&lt;Array: void main(java.lang.String[])&gt;/temp$2, expected: [NewObj{&lt;Array: void main(java.lang.String[])&gt;[2@L5] new A}], given: null
&lt;Array: void main(java.lang.String[])&gt;/temp$5, expected: [NewObj{&lt;Array: void main(java.lang.String[])&gt;[6@L6] new A}], given: null
&lt;Array: void main(java.lang.String[])&gt;/temp$9, expected: [NewObj{&lt;Array: void main(java.lang.String[])&gt;[14@L10] new A}], given: null
&lt;java.lang.Object: int hashCode()&gt;/%this, expected: [NewObj{&lt;Array: void main(java.lang.String[])&gt;[1@L4] newarray A[%intconst0]}], given: null
&lt;java.lang.Object: void &lt;init&gt;()&gt;/%this, expected: [NewObj{&lt;Array: void main(java.lang.String[])&gt;[14@L10] new A}, NewObj{&lt;Array: void main(java.lang.String[])&gt;[2@L5] new A}, NewObj{&lt;Array: void main(java.lang.String[])&gt;[6@L6] new A}], given: null
NewObj{&lt;Array: void main(java.lang.String[])&gt;[13@L9] newarray B[%intconst0]}[*], expected: [NewObj{&lt;Array: void main(java.lang.String[])&gt;[14@L10] new A}], given: null
NewObj{&lt;Array: void main(java.lang.String[])&gt;[1@L4] newarray A[%intconst0]}[*], expected: [NewObj{&lt;Array: void main(java.lang.String[])&gt;[2@L5] new A}, NewObj{&lt;Array: void main(java.lang.String[])&gt;[6@L6] new A}], given: null
	at app//pascal.taie.analysis.pta.ci.ResultProcessor.comparePointsToSet(ResultProcessor.java:176)
	at app//pascal.taie.analysis.pta.ci.ResultProcessor.process(ResultProcessor.java:79)
	at app//pascal.taie.analysis.pta.ci.CIPTA.analyze(CIPTA.java:48)
	at app//pascal.taie.analysis.pta.ci.CIPTA.analyze(CIPTA.java:34)
	at app//pascal.taie.analysis.AnalysisManager.runProgramAnalysis(AnalysisManager.java:88)
	at app//pascal.taie.analysis.AnalysisManager.runAnalysis(AnalysisManager.java:71)
	at app//pascal.taie.analysis.AnalysisManager.lambda$execute$0(AnalysisManager.java:60)
	at app//pascal.taie.util.Timer.lambda$runAndCount$0(Timer.java:112)
	at app//pascal.taie.util.Timer.runAndCount(Timer.java:93)
	at app//pascal.taie.util.Timer.runAndCount(Timer.java:111)
	at app//pascal.taie.util.Timer.runAndCount(Timer.java:107)
	at app//pascal.taie.analysis.AnalysisManager.lambda$execute$1(AnalysisManager.java:59)
	at java.base@17.0.13/java.util.ArrayList.forEach(ArrayList.java:1511)
	at app//pascal.taie.analysis.AnalysisManager.execute(AnalysisManager.java:59)
	at app//pascal.taie.Main.executePlan(Main.java:142)
	at app//pascal.taie.Main.lambda$main$0(Main.java:56)
	at app//pascal.taie.util.Timer.lambda$runAndCount$0(Timer.java:112)
	at app//pascal.taie.util.Timer.runAndCount(Timer.java:93)
	at app//pascal.taie.util.Timer.runAndCount(Timer.java:111)
	at app//pascal.taie.util.Timer.runAndCount(Timer.java:107)
	at app//pascal.taie.Main.main(Main.java:48)
	at app//pascal.taie.analysis.Tests.doTestPTA(Tests.java:84)
	at app//pascal.taie.analysis.Tests.testCIPTA(Tests.java:52)
	at app//pascal.taie.analysis.pta.CIPTATest.testArray(CIPTATest.java:39)
	at java.base@17.0.13/jdk.internal.reflect.NativeMethodAccessorImpl.invoke0(Native Method)
	at java.base@17.0.13/jdk.internal.reflect.NativeMethodAccessorImpl.invoke(NativeMethodAccessorImpl.java:77)
	at java.base@17.0.13/jdk.internal.reflect.DelegatingMethodAccessorImpl.invoke(DelegatingMethodAccessorImpl.java:43)
	at java.base@17.0.13/java.lang.reflect.Method.invoke(Method.java:569)
	at app//org.junit.runners.model.FrameworkMethod$1.runReflectiveCall(FrameworkMethod.java:59)
	at app//org.junit.internal.runners.model.ReflectiveCallable.run(ReflectiveCallable.java:12)
	at app//org.junit.runners.model.FrameworkMethod.invokeExplosively(FrameworkMethod.java:56)
	at app//org.junit.internal.runners.statements.InvokeMethod.evaluate(InvokeMethod.java:17)
	at app//org.junit.runners.ParentRunner$3.evaluate(ParentRunner.java:306)
	at app//org.junit.runners.BlockJUnit4ClassRunner$1.evaluate(BlockJUnit4ClassRunner.java:100)
	at app//org.junit.runners.ParentRunner.runLeaf(ParentRunner.java:366)
	at app//org.junit.runners.BlockJUnit4ClassRunner.runChild(BlockJUnit4ClassRunner.java:103)
	at app//org.junit.runners.BlockJUnit4ClassRunner.runChild(BlockJUnit4ClassRunner.java:63)
	at app//org.junit.runners.ParentRunner$4.run(ParentRunner.java:331)
	at app//org.junit.runners.ParentRunner$1.schedule(ParentRunner.java:79)
	at app//org.junit.runners.ParentRunner.runChildren(ParentRunner.java:329)
	at app//org.junit.runners.ParentRunner.access$100(ParentRunner.java:66)
	at app//org.junit.runners.ParentRunner$2.evaluate(ParentRunner.java:293)
	at app//org.junit.runners.ParentRunner$3.evaluate(ParentRunner.java:306)
	at app//org.junit.runners.ParentRunner.run(ParentRunner.java:413)
	at org.gradle.api.internal.tasks.testing.junit.JUnitTestClassExecutor.runTestClass(JUnitTestClassExecutor.java:110)
	at org.gradle.api.internal.tasks.testing.junit.JUnitTestClassExecutor.execute(JUnitTestClassExecutor.java:58)
	at org.gradle.api.internal.tasks.testing.junit.JUnitTestClassExecutor.execute(JUnitTestClassExecutor.java:38)
	at org.gradle.api.internal.tasks.testing.junit.AbstractJUnitTestClassProcessor.processTestClass(AbstractJUnitTestClassProcessor.java:62)
	at org.gradle.api.internal.tasks.testing.SuiteTestClassProcessor.processTestClass(SuiteTestClassProcessor.java:51)
	at java.base@17.0.13/jdk.internal.reflect.NativeMethodAccessorImpl.invoke0(Native Method)
	at java.base@17.0.13/jdk.internal.reflect.NativeMethodAccessorImpl.invoke(NativeMethodAccessorImpl.java:77)
	at java.base@17.0.13/jdk.internal.reflect.DelegatingMethodAccessorImpl.invoke(DelegatingMethodAccessorImpl.java:43)
	at java.base@17.0.13/java.lang.reflect.Method.invoke(Method.java:569)
	at org.gradle.internal.dispatch.ReflectionDispatch.dispatch(ReflectionDispatch.java:36)
	at org.gradle.internal.dispatch.ReflectionDispatch.dispatch(ReflectionDispatch.java:24)
	at org.gradle.internal.dispatch.ContextClassLoaderDispatch.dispatch(ContextClassLoaderDispatch.java:33)
	at org.gradle.internal.dispatch.ProxyDispatchAdapter$DispatchingInvocationHandler.invoke(ProxyDispatchAdapter.java:94)
	at jdk.proxy1/jdk.proxy1.$Proxy2.processTestClass(Unknown Source)
	at org.gradle.api.internal.tasks.testing.worker.TestWorker$2.run(TestWorker.java:176)
	at org.gradle.api.internal.tasks.testing.worker.TestWorker.executeAndMaintainThreadName(TestWorker.java:129)
	at org.gradle.api.internal.tasks.testing.worker.TestWorker.execute(TestWorker.java:100)
	at org.gradle.api.internal.tasks.testing.worker.TestWorker.execute(TestWorker.java:60)
	at org.gradle.process.internal.worker.child.ActionExecutionWorker.execute(ActionExecutionWorker.java:56)
	at org.gradle.process.internal.worker.child.SystemApplicationClassLoaderWorker.call(SystemApplicationClassLoaderWorker.java:133)
	at org.gradle.process.internal.worker.child.SystemApplicationClassLoaderWorker.call(SystemApplicationClassLoaderWorker.java:71)
	at app//worker.org.gradle.process.internal.worker.GradleWorkerMain.run(GradleWorkerMain.java:69)
	at app//worker.org.gradle.process.internal.worker.GradleWorkerMain.main(GradleWorkerMain.java:74)
</failure>
  </testcase>
  <testcase name="testCall" classname="pascal.taie.analysis.pta.CIPTATest" time="0.941">
    <failure message="pascal.taie.util.AnalysisException: Mismatches of points-to set&#10;&lt;A: C foo(B,C)&gt;/%this, expected: [NewObj{&lt;Call: void main(java.lang.String[])&gt;[0@L4] new A}], given: null&#10;&lt;A: C foo(B,C)&gt;/b, expected: [NewObj{&lt;Call: void main(java.lang.String[])&gt;[3@L5] new B}], given: null&#10;&lt;A: C foo(B,C)&gt;/c, expected: [NewObj{&lt;Call: void main(java.lang.String[])&gt;[6@L6] new C}], given: null&#10;&lt;A: void &lt;init&gt;()&gt;/%this, expected: [NewObj{&lt;Call: void main(java.lang.String[])&gt;[0@L4] new A}], given: null&#10;&lt;B: void &lt;init&gt;()&gt;/%this, expected: [NewObj{&lt;Call: void main(java.lang.String[])&gt;[3@L5] new B}], given: null&#10;&lt;C: void &lt;init&gt;()&gt;/%this, expected: [NewObj{&lt;Call: void main(java.lang.String[])&gt;[6@L6] new C}], given: null&#10;&lt;Call: void main(java.lang.String[])&gt;/a, expected: [NewObj{&lt;Call: void main(java.lang.String[])&gt;[0@L4] new A}], given: null&#10;&lt;Call: void main(java.lang.String[])&gt;/b, expected: [NewObj{&lt;Call: void main(java.lang.String[])&gt;[3@L5] new B}], given: null&#10;&lt;Call: void main(java.lang.String[])&gt;/c, expected: [NewObj{&lt;Call: void main(java.lang.String[])&gt;[6@L6] new C}], given: null&#10;&lt;Call: void main(java.lang.String[])&gt;/temp$0, expected: [NewObj{&lt;Call: void main(java.lang.String[])&gt;[0@L4] new A}], given: null&#10;&lt;Call: void main(java.lang.String[])&gt;/temp$1, expected: [NewObj{&lt;Call: void main(java.lang.String[])&gt;[3@L5] new B}], given: null&#10;&lt;Call: void main(java.lang.String[])&gt;/temp$2, expected: [NewObj{&lt;Call: void main(java.lang.String[])&gt;[6@L6] new C}], given: null&#10;&lt;Call: void main(java.lang.String[])&gt;/temp$3, expected: [NewObj{&lt;Call: void main(java.lang.String[])&gt;[6@L6] new C}], given: null&#10;&lt;Call: void main(java.lang.String[])&gt;/x, expected: [NewObj{&lt;Call: void main(java.lang.String[])&gt;[6@L6] new C}], given: null&#10;&lt;java.lang.Object: void &lt;init&gt;()&gt;/%this, expected: [NewObj{&lt;Call: void main(java.lang.String[])&gt;[0@L4] new A}, NewObj{&lt;Call: void main(java.lang.String[])&gt;[3@L5] new B}, NewObj{&lt;Call: void main(java.lang.String[])&gt;[6@L6] new C}], given: null" type="pascal.taie.util.AnalysisException">pascal.taie.util.AnalysisException: Mismatches of points-to set
&lt;A: C foo(B,C)&gt;/%this, expected: [NewObj{&lt;Call: void main(java.lang.String[])&gt;[0@L4] new A}], given: null
&lt;A: C foo(B,C)&gt;/b, expected: [NewObj{&lt;Call: void main(java.lang.String[])&gt;[3@L5] new B}], given: null
&lt;A: C foo(B,C)&gt;/c, expected: [NewObj{&lt;Call: void main(java.lang.String[])&gt;[6@L6] new C}], given: null
&lt;A: void &lt;init&gt;()&gt;/%this, expected: [NewObj{&lt;Call: void main(java.lang.String[])&gt;[0@L4] new A}], given: null
&lt;B: void &lt;init&gt;()&gt;/%this, expected: [NewObj{&lt;Call: void main(java.lang.String[])&gt;[3@L5] new B}], given: null
&lt;C: void &lt;init&gt;()&gt;/%this, expected: [NewObj{&lt;Call: void main(java.lang.String[])&gt;[6@L6] new C}], given: null
&lt;Call: void main(java.lang.String[])&gt;/a, expected: [NewObj{&lt;Call: void main(java.lang.String[])&gt;[0@L4] new A}], given: null
&lt;Call: void main(java.lang.String[])&gt;/b, expected: [NewObj{&lt;Call: void main(java.lang.String[])&gt;[3@L5] new B}], given: null
&lt;Call: void main(java.lang.String[])&gt;/c, expected: [NewObj{&lt;Call: void main(java.lang.String[])&gt;[6@L6] new C}], given: null
&lt;Call: void main(java.lang.String[])&gt;/temp$0, expected: [NewObj{&lt;Call: void main(java.lang.String[])&gt;[0@L4] new A}], given: null
&lt;Call: void main(java.lang.String[])&gt;/temp$1, expected: [NewObj{&lt;Call: void main(java.lang.String[])&gt;[3@L5] new B}], given: null
&lt;Call: void main(java.lang.String[])&gt;/temp$2, expected: [NewObj{&lt;Call: void main(java.lang.String[])&gt;[6@L6] new C}], given: null
&lt;Call: void main(java.lang.String[])&gt;/temp$3, expected: [NewObj{&lt;Call: void main(java.lang.String[])&gt;[6@L6] new C}], given: null
&lt;Call: void main(java.lang.String[])&gt;/x, expected: [NewObj{&lt;Call: void main(java.lang.String[])&gt;[6@L6] new C}], given: null
&lt;java.lang.Object: void &lt;init&gt;()&gt;/%this, expected: [NewObj{&lt;Call: void main(java.lang.String[])&gt;[0@L4] new A}, NewObj{&lt;Call: void main(java.lang.String[])&gt;[3@L5] new B}, NewObj{&lt;Call: void main(java.lang.String[])&gt;[6@L6] new C}], given: null
	at app//pascal.taie.analysis.pta.ci.ResultProcessor.comparePointsToSet(ResultProcessor.java:176)
	at app//pascal.taie.analysis.pta.ci.ResultProcessor.process(ResultProcessor.java:79)
	at app//pascal.taie.analysis.pta.ci.CIPTA.analyze(CIPTA.java:48)
	at app//pascal.taie.analysis.pta.ci.CIPTA.analyze(CIPTA.java:34)
	at app//pascal.taie.analysis.AnalysisManager.runProgramAnalysis(AnalysisManager.java:88)
	at app//pascal.taie.analysis.AnalysisManager.runAnalysis(AnalysisManager.java:71)
	at app//pascal.taie.analysis.AnalysisManager.lambda$execute$0(AnalysisManager.java:60)
	at app//pascal.taie.util.Timer.lambda$runAndCount$0(Timer.java:112)
	at app//pascal.taie.util.Timer.runAndCount(Timer.java:93)
	at app//pascal.taie.util.Timer.runAndCount(Timer.java:111)
	at app//pascal.taie.util.Timer.runAndCount(Timer.java:107)
	at app//pascal.taie.analysis.AnalysisManager.lambda$execute$1(AnalysisManager.java:59)
	at java.base@17.0.13/java.util.ArrayList.forEach(ArrayList.java:1511)
	at app//pascal.taie.analysis.AnalysisManager.execute(AnalysisManager.java:59)
	at app//pascal.taie.Main.executePlan(Main.java:142)
	at app//pascal.taie.Main.lambda$main$0(Main.java:56)
	at app//pascal.taie.util.Timer.lambda$runAndCount$0(Timer.java:112)
	at app//pascal.taie.util.Timer.runAndCount(Timer.java:93)
	at app//pascal.taie.util.Timer.runAndCount(Timer.java:111)
	at app//pascal.taie.util.Timer.runAndCount(Timer.java:107)
	at app//pascal.taie.Main.main(Main.java:48)
	at app//pascal.taie.analysis.Tests.doTestPTA(Tests.java:84)
	at app//pascal.taie.analysis.Tests.testCIPTA(Tests.java:52)
	at app//pascal.taie.analysis.pta.CIPTATest.testCall(CIPTATest.java:59)
	at java.base@17.0.13/jdk.internal.reflect.NativeMethodAccessorImpl.invoke0(Native Method)
	at java.base@17.0.13/jdk.internal.reflect.NativeMethodAccessorImpl.invoke(NativeMethodAccessorImpl.java:77)
	at java.base@17.0.13/jdk.internal.reflect.DelegatingMethodAccessorImpl.invoke(DelegatingMethodAccessorImpl.java:43)
	at java.base@17.0.13/java.lang.reflect.Method.invoke(Method.java:569)
	at app//org.junit.runners.model.FrameworkMethod$1.runReflectiveCall(FrameworkMethod.java:59)
	at app//org.junit.internal.runners.model.ReflectiveCallable.run(ReflectiveCallable.java:12)
	at app//org.junit.runners.model.FrameworkMethod.invokeExplosively(FrameworkMethod.java:56)
	at app//org.junit.internal.runners.statements.InvokeMethod.evaluate(InvokeMethod.java:17)
	at app//org.junit.runners.ParentRunner$3.evaluate(ParentRunner.java:306)
	at app//org.junit.runners.BlockJUnit4ClassRunner$1.evaluate(BlockJUnit4ClassRunner.java:100)
	at app//org.junit.runners.ParentRunner.runLeaf(ParentRunner.java:366)
	at app//org.junit.runners.BlockJUnit4ClassRunner.runChild(BlockJUnit4ClassRunner.java:103)
	at app//org.junit.runners.BlockJUnit4ClassRunner.runChild(BlockJUnit4ClassRunner.java:63)
	at app//org.junit.runners.ParentRunner$4.run(ParentRunner.java:331)
	at app//org.junit.runners.ParentRunner$1.schedule(ParentRunner.java:79)
	at app//org.junit.runners.ParentRunner.runChildren(ParentRunner.java:329)
	at app//org.junit.runners.ParentRunner.access$100(ParentRunner.java:66)
	at app//org.junit.runners.ParentRunner$2.evaluate(ParentRunner.java:293)
	at app//org.junit.runners.ParentRunner$3.evaluate(ParentRunner.java:306)
	at app//org.junit.runners.ParentRunner.run(ParentRunner.java:413)
	at org.gradle.api.internal.tasks.testing.junit.JUnitTestClassExecutor.runTestClass(JUnitTestClassExecutor.java:110)
	at org.gradle.api.internal.tasks.testing.junit.JUnitTestClassExecutor.execute(JUnitTestClassExecutor.java:58)
	at org.gradle.api.internal.tasks.testing.junit.JUnitTestClassExecutor.execute(JUnitTestClassExecutor.java:38)
	at org.gradle.api.internal.tasks.testing.junit.AbstractJUnitTestClassProcessor.processTestClass(AbstractJUnitTestClassProcessor.java:62)
	at org.gradle.api.internal.tasks.testing.SuiteTestClassProcessor.processTestClass(SuiteTestClassProcessor.java:51)
	at java.base@17.0.13/jdk.internal.reflect.NativeMethodAccessorImpl.invoke0(Native Method)
	at java.base@17.0.13/jdk.internal.reflect.NativeMethodAccessorImpl.invoke(NativeMethodAccessorImpl.java:77)
	at java.base@17.0.13/jdk.internal.reflect.DelegatingMethodAccessorImpl.invoke(DelegatingMethodAccessorImpl.java:43)
	at java.base@17.0.13/java.lang.reflect.Method.invoke(Method.java:569)
	at org.gradle.internal.dispatch.ReflectionDispatch.dispatch(ReflectionDispatch.java:36)
	at org.gradle.internal.dispatch.ReflectionDispatch.dispatch(ReflectionDispatch.java:24)
	at org.gradle.internal.dispatch.ContextClassLoaderDispatch.dispatch(ContextClassLoaderDispatch.java:33)
	at org.gradle.internal.dispatch.ProxyDispatchAdapter$DispatchingInvocationHandler.invoke(ProxyDispatchAdapter.java:94)
	at jdk.proxy1/jdk.proxy1.$Proxy2.processTestClass(Unknown Source)
	at org.gradle.api.internal.tasks.testing.worker.TestWorker$2.run(TestWorker.java:176)
	at org.gradle.api.internal.tasks.testing.worker.TestWorker.executeAndMaintainThreadName(TestWorker.java:129)
	at org.gradle.api.internal.tasks.testing.worker.TestWorker.execute(TestWorker.java:100)
	at org.gradle.api.internal.tasks.testing.worker.TestWorker.execute(TestWorker.java:60)
	at org.gradle.process.internal.worker.child.ActionExecutionWorker.execute(ActionExecutionWorker.java:56)
	at org.gradle.process.internal.worker.child.SystemApplicationClassLoaderWorker.call(SystemApplicationClassLoaderWorker.java:133)
	at org.gradle.process.internal.worker.child.SystemApplicationClassLoaderWorker.call(SystemApplicationClassLoaderWorker.java:71)
	at app//worker.org.gradle.process.internal.worker.GradleWorkerMain.run(GradleWorkerMain.java:69)
	at app//worker.org.gradle.process.internal.worker.GradleWorkerMain.main(GradleWorkerMain.java:74)
</failure>
  </testcase>
  <testcase name="testAssign2" classname="pascal.taie.analysis.pta.CIPTATest" time="0.889">
    <failure message="pascal.taie.util.AnalysisException: Mismatches of points-to set&#10;&lt;A: void &lt;init&gt;()&gt;/%this, expected: [NewObj{&lt;A: void cycle()&gt;[0@L10] new A}, NewObj{&lt;A: void cycle()&gt;[3@L11] new A}, NewObj{&lt;A: void cycle()&gt;[6@L12] new A}, NewObj{&lt;Assign2: void main(java.lang.String[])&gt;[0@L3] new A}], given: null&#10;&lt;A: void cycle()&gt;/%this, expected: [NewObj{&lt;Assign2: void main(java.lang.String[])&gt;[0@L3] new A}], given: null&#10;&lt;A: void cycle()&gt;/a1, expected: [NewObj{&lt;A: void cycle()&gt;[0@L10] new A}, NewObj{&lt;A: void cycle()&gt;[3@L11] new A}, NewObj{&lt;A: void cycle()&gt;[6@L12] new A}], given: null&#10;&lt;A: void cycle()&gt;/a2, expected: [NewObj{&lt;A: void cycle()&gt;[0@L10] new A}, NewObj{&lt;A: void cycle()&gt;[3@L11] new A}, NewObj{&lt;A: void cycle()&gt;[6@L12] new A}], given: null&#10;&lt;A: void cycle()&gt;/a3, expected: [NewObj{&lt;A: void cycle()&gt;[0@L10] new A}, NewObj{&lt;A: void cycle()&gt;[3@L11] new A}, NewObj{&lt;A: void cycle()&gt;[6@L12] new A}], given: null&#10;&lt;A: void cycle()&gt;/temp$0, expected: [NewObj{&lt;A: void cycle()&gt;[0@L10] new A}], given: null&#10;&lt;A: void cycle()&gt;/temp$1, expected: [NewObj{&lt;A: void cycle()&gt;[3@L11] new A}], given: null&#10;&lt;A: void cycle()&gt;/temp$2, expected: [NewObj{&lt;A: void cycle()&gt;[6@L12] new A}], given: null&#10;&lt;Assign2: void main(java.lang.String[])&gt;/temp$0, expected: [NewObj{&lt;Assign2: void main(java.lang.String[])&gt;[0@L3] new A}], given: null&#10;&lt;java.lang.Object: void &lt;init&gt;()&gt;/%this, expected: [NewObj{&lt;A: void cycle()&gt;[0@L10] new A}, NewObj{&lt;A: void cycle()&gt;[3@L11] new A}, NewObj{&lt;A: void cycle()&gt;[6@L12] new A}, NewObj{&lt;Assign2: void main(java.lang.String[])&gt;[0@L3] new A}], given: null" type="pascal.taie.util.AnalysisException">pascal.taie.util.AnalysisException: Mismatches of points-to set
&lt;A: void &lt;init&gt;()&gt;/%this, expected: [NewObj{&lt;A: void cycle()&gt;[0@L10] new A}, NewObj{&lt;A: void cycle()&gt;[3@L11] new A}, NewObj{&lt;A: void cycle()&gt;[6@L12] new A}, NewObj{&lt;Assign2: void main(java.lang.String[])&gt;[0@L3] new A}], given: null
&lt;A: void cycle()&gt;/%this, expected: [NewObj{&lt;Assign2: void main(java.lang.String[])&gt;[0@L3] new A}], given: null
&lt;A: void cycle()&gt;/a1, expected: [NewObj{&lt;A: void cycle()&gt;[0@L10] new A}, NewObj{&lt;A: void cycle()&gt;[3@L11] new A}, NewObj{&lt;A: void cycle()&gt;[6@L12] new A}], given: null
&lt;A: void cycle()&gt;/a2, expected: [NewObj{&lt;A: void cycle()&gt;[0@L10] new A}, NewObj{&lt;A: void cycle()&gt;[3@L11] new A}, NewObj{&lt;A: void cycle()&gt;[6@L12] new A}], given: null
&lt;A: void cycle()&gt;/a3, expected: [NewObj{&lt;A: void cycle()&gt;[0@L10] new A}, NewObj{&lt;A: void cycle()&gt;[3@L11] new A}, NewObj{&lt;A: void cycle()&gt;[6@L12] new A}], given: null
&lt;A: void cycle()&gt;/temp$0, expected: [NewObj{&lt;A: void cycle()&gt;[0@L10] new A}], given: null
&lt;A: void cycle()&gt;/temp$1, expected: [NewObj{&lt;A: void cycle()&gt;[3@L11] new A}], given: null
&lt;A: void cycle()&gt;/temp$2, expected: [NewObj{&lt;A: void cycle()&gt;[6@L12] new A}], given: null
&lt;Assign2: void main(java.lang.String[])&gt;/temp$0, expected: [NewObj{&lt;Assign2: void main(java.lang.String[])&gt;[0@L3] new A}], given: null
&lt;java.lang.Object: void &lt;init&gt;()&gt;/%this, expected: [NewObj{&lt;A: void cycle()&gt;[0@L10] new A}, NewObj{&lt;A: void cycle()&gt;[3@L11] new A}, NewObj{&lt;A: void cycle()&gt;[6@L12] new A}, NewObj{&lt;Assign2: void main(java.lang.String[])&gt;[0@L3] new A}], given: null
	at app//pascal.taie.analysis.pta.ci.ResultProcessor.comparePointsToSet(ResultProcessor.java:176)
	at app//pascal.taie.analysis.pta.ci.ResultProcessor.process(ResultProcessor.java:79)
	at app//pascal.taie.analysis.pta.ci.CIPTA.analyze(CIPTA.java:48)
	at app//pascal.taie.analysis.pta.ci.CIPTA.analyze(CIPTA.java:34)
	at app//pascal.taie.analysis.AnalysisManager.runProgramAnalysis(AnalysisManager.java:88)
	at app//pascal.taie.analysis.AnalysisManager.runAnalysis(AnalysisManager.java:71)
	at app//pascal.taie.analysis.AnalysisManager.lambda$execute$0(AnalysisManager.java:60)
	at app//pascal.taie.util.Timer.lambda$runAndCount$0(Timer.java:112)
	at app//pascal.taie.util.Timer.runAndCount(Timer.java:93)
	at app//pascal.taie.util.Timer.runAndCount(Timer.java:111)
	at app//pascal.taie.util.Timer.runAndCount(Timer.java:107)
	at app//pascal.taie.analysis.AnalysisManager.lambda$execute$1(AnalysisManager.java:59)
	at java.base@17.0.13/java.util.ArrayList.forEach(ArrayList.java:1511)
	at app//pascal.taie.analysis.AnalysisManager.execute(AnalysisManager.java:59)
	at app//pascal.taie.Main.executePlan(Main.java:142)
	at app//pascal.taie.Main.lambda$main$0(Main.java:56)
	at app//pascal.taie.util.Timer.lambda$runAndCount$0(Timer.java:112)
	at app//pascal.taie.util.Timer.runAndCount(Timer.java:93)
	at app//pascal.taie.util.Timer.runAndCount(Timer.java:111)
	at app//pascal.taie.util.Timer.runAndCount(Timer.java:107)
	at app//pascal.taie.Main.main(Main.java:48)
	at app//pascal.taie.analysis.Tests.doTestPTA(Tests.java:84)
	at app//pascal.taie.analysis.Tests.testCIPTA(Tests.java:52)
	at app//pascal.taie.analysis.pta.CIPTATest.testAssign2(CIPTATest.java:49)
	at java.base@17.0.13/jdk.internal.reflect.NativeMethodAccessorImpl.invoke0(Native Method)
	at java.base@17.0.13/jdk.internal.reflect.NativeMethodAccessorImpl.invoke(NativeMethodAccessorImpl.java:77)
	at java.base@17.0.13/jdk.internal.reflect.DelegatingMethodAccessorImpl.invoke(DelegatingMethodAccessorImpl.java:43)
	at java.base@17.0.13/java.lang.reflect.Method.invoke(Method.java:569)
	at app//org.junit.runners.model.FrameworkMethod$1.runReflectiveCall(FrameworkMethod.java:59)
	at app//org.junit.internal.runners.model.ReflectiveCallable.run(ReflectiveCallable.java:12)
	at app//org.junit.runners.model.FrameworkMethod.invokeExplosively(FrameworkMethod.java:56)
	at app//org.junit.internal.runners.statements.InvokeMethod.evaluate(InvokeMethod.java:17)
	at app//org.junit.runners.ParentRunner$3.evaluate(ParentRunner.java:306)
	at app//org.junit.runners.BlockJUnit4ClassRunner$1.evaluate(BlockJUnit4ClassRunner.java:100)
	at app//org.junit.runners.ParentRunner.runLeaf(ParentRunner.java:366)
	at app//org.junit.runners.BlockJUnit4ClassRunner.runChild(BlockJUnit4ClassRunner.java:103)
	at app//org.junit.runners.BlockJUnit4ClassRunner.runChild(BlockJUnit4ClassRunner.java:63)
	at app//org.junit.runners.ParentRunner$4.run(ParentRunner.java:331)
	at app//org.junit.runners.ParentRunner$1.schedule(ParentRunner.java:79)
	at app//org.junit.runners.ParentRunner.runChildren(ParentRunner.java:329)
	at app//org.junit.runners.ParentRunner.access$100(ParentRunner.java:66)
	at app//org.junit.runners.ParentRunner$2.evaluate(ParentRunner.java:293)
	at app//org.junit.runners.ParentRunner$3.evaluate(ParentRunner.java:306)
	at app//org.junit.runners.ParentRunner.run(ParentRunner.java:413)
	at org.gradle.api.internal.tasks.testing.junit.JUnitTestClassExecutor.runTestClass(JUnitTestClassExecutor.java:110)
	at org.gradle.api.internal.tasks.testing.junit.JUnitTestClassExecutor.execute(JUnitTestClassExecutor.java:58)
	at org.gradle.api.internal.tasks.testing.junit.JUnitTestClassExecutor.execute(JUnitTestClassExecutor.java:38)
	at org.gradle.api.internal.tasks.testing.junit.AbstractJUnitTestClassProcessor.processTestClass(AbstractJUnitTestClassProcessor.java:62)
	at org.gradle.api.internal.tasks.testing.SuiteTestClassProcessor.processTestClass(SuiteTestClassProcessor.java:51)
	at java.base@17.0.13/jdk.internal.reflect.NativeMethodAccessorImpl.invoke0(Native Method)
	at java.base@17.0.13/jdk.internal.reflect.NativeMethodAccessorImpl.invoke(NativeMethodAccessorImpl.java:77)
	at java.base@17.0.13/jdk.internal.reflect.DelegatingMethodAccessorImpl.invoke(DelegatingMethodAccessorImpl.java:43)
	at java.base@17.0.13/java.lang.reflect.Method.invoke(Method.java:569)
	at org.gradle.internal.dispatch.ReflectionDispatch.dispatch(ReflectionDispatch.java:36)
	at org.gradle.internal.dispatch.ReflectionDispatch.dispatch(ReflectionDispatch.java:24)
	at org.gradle.internal.dispatch.ContextClassLoaderDispatch.dispatch(ContextClassLoaderDispatch.java:33)
	at org.gradle.internal.dispatch.ProxyDispatchAdapter$DispatchingInvocationHandler.invoke(ProxyDispatchAdapter.java:94)
	at jdk.proxy1/jdk.proxy1.$Proxy2.processTestClass(Unknown Source)
	at org.gradle.api.internal.tasks.testing.worker.TestWorker$2.run(TestWorker.java:176)
	at org.gradle.api.internal.tasks.testing.worker.TestWorker.executeAndMaintainThreadName(TestWorker.java:129)
	at org.gradle.api.internal.tasks.testing.worker.TestWorker.execute(TestWorker.java:100)
	at org.gradle.api.internal.tasks.testing.worker.TestWorker.execute(TestWorker.java:60)
	at org.gradle.process.internal.worker.child.ActionExecutionWorker.execute(ActionExecutionWorker.java:56)
	at org.gradle.process.internal.worker.child.SystemApplicationClassLoaderWorker.call(SystemApplicationClassLoaderWorker.java:133)
	at org.gradle.process.internal.worker.child.SystemApplicationClassLoaderWorker.call(SystemApplicationClassLoaderWorker.java:71)
	at app//worker.org.gradle.process.internal.worker.GradleWorkerMain.run(GradleWorkerMain.java:69)
	at app//worker.org.gradle.process.internal.worker.GradleWorkerMain.main(GradleWorkerMain.java:74)
</failure>
  </testcase>
  <testcase name="testStaticCall" classname="pascal.taie.analysis.pta.CIPTATest" time="0.944">
    <failure message="pascal.taie.util.AnalysisException: Mismatches of points-to set&#10;&lt;StaticCall: java.lang.Object bar(int,java.lang.Object)&gt;/n, expected: [], given: null&#10;&lt;StaticCall: java.lang.Object bar(int,java.lang.Object)&gt;/o, expected: [NewObj{&lt;StaticCall: void main(java.lang.String[])&gt;[0@L4] new java.lang.Object}], given: null&#10;&lt;StaticCall: java.lang.Object bar(int,java.lang.Object)&gt;/temp$0, expected: [], given: null&#10;&lt;StaticCall: java.lang.Object bar(int,java.lang.Object)&gt;/temp$2, expected: [NewObj{&lt;StaticCall: void main(java.lang.String[])&gt;[0@L4] new java.lang.Object}], given: null&#10;&lt;StaticCall: java.lang.Object foo(int,java.lang.Object)&gt;/n, expected: [], given: null&#10;&lt;StaticCall: java.lang.Object foo(int,java.lang.Object)&gt;/o, expected: [NewObj{&lt;StaticCall: void main(java.lang.String[])&gt;[0@L4] new java.lang.Object}], given: null&#10;&lt;StaticCall: java.lang.Object foo(int,java.lang.Object)&gt;/temp$0, expected: [NewObj{&lt;StaticCall: void main(java.lang.String[])&gt;[0@L4] new java.lang.Object}], given: null&#10;&lt;StaticCall: void main(java.lang.String[])&gt;/%intconst0, expected: [], given: null&#10;&lt;StaticCall: void main(java.lang.String[])&gt;/o, expected: [NewObj{&lt;StaticCall: void main(java.lang.String[])&gt;[0@L4] new java.lang.Object}], given: null&#10;&lt;StaticCall: void main(java.lang.String[])&gt;/temp$0, expected: [NewObj{&lt;StaticCall: void main(java.lang.String[])&gt;[0@L4] new java.lang.Object}], given: null&#10;&lt;StaticCall: void main(java.lang.String[])&gt;/temp$1, expected: [NewObj{&lt;StaticCall: void main(java.lang.String[])&gt;[0@L4] new java.lang.Object}], given: null&#10;&lt;java.lang.Object: void &lt;init&gt;()&gt;/%this, expected: [NewObj{&lt;StaticCall: void main(java.lang.String[])&gt;[0@L4] new java.lang.Object}], given: null" type="pascal.taie.util.AnalysisException">pascal.taie.util.AnalysisException: Mismatches of points-to set
&lt;StaticCall: java.lang.Object bar(int,java.lang.Object)&gt;/n, expected: [], given: null
&lt;StaticCall: java.lang.Object bar(int,java.lang.Object)&gt;/o, expected: [NewObj{&lt;StaticCall: void main(java.lang.String[])&gt;[0@L4] new java.lang.Object}], given: null
&lt;StaticCall: java.lang.Object bar(int,java.lang.Object)&gt;/temp$0, expected: [], given: null
&lt;StaticCall: java.lang.Object bar(int,java.lang.Object)&gt;/temp$2, expected: [NewObj{&lt;StaticCall: void main(java.lang.String[])&gt;[0@L4] new java.lang.Object}], given: null
&lt;StaticCall: java.lang.Object foo(int,java.lang.Object)&gt;/n, expected: [], given: null
&lt;StaticCall: java.lang.Object foo(int,java.lang.Object)&gt;/o, expected: [NewObj{&lt;StaticCall: void main(java.lang.String[])&gt;[0@L4] new java.lang.Object}], given: null
&lt;StaticCall: java.lang.Object foo(int,java.lang.Object)&gt;/temp$0, expected: [NewObj{&lt;StaticCall: void main(java.lang.String[])&gt;[0@L4] new java.lang.Object}], given: null
&lt;StaticCall: void main(java.lang.String[])&gt;/%intconst0, expected: [], given: null
&lt;StaticCall: void main(java.lang.String[])&gt;/o, expected: [NewObj{&lt;StaticCall: void main(java.lang.String[])&gt;[0@L4] new java.lang.Object}], given: null
&lt;StaticCall: void main(java.lang.String[])&gt;/temp$0, expected: [NewObj{&lt;StaticCall: void main(java.lang.String[])&gt;[0@L4] new java.lang.Object}], given: null
&lt;StaticCall: void main(java.lang.String[])&gt;/temp$1, expected: [NewObj{&lt;StaticCall: void main(java.lang.String[])&gt;[0@L4] new java.lang.Object}], given: null
&lt;java.lang.Object: void &lt;init&gt;()&gt;/%this, expected: [NewObj{&lt;StaticCall: void main(java.lang.String[])&gt;[0@L4] new java.lang.Object}], given: null
	at app//pascal.taie.analysis.pta.ci.ResultProcessor.comparePointsToSet(ResultProcessor.java:176)
	at app//pascal.taie.analysis.pta.ci.ResultProcessor.process(ResultProcessor.java:79)
	at app//pascal.taie.analysis.pta.ci.CIPTA.analyze(CIPTA.java:48)
	at app//pascal.taie.analysis.pta.ci.CIPTA.analyze(CIPTA.java:34)
	at app//pascal.taie.analysis.AnalysisManager.runProgramAnalysis(AnalysisManager.java:88)
	at app//pascal.taie.analysis.AnalysisManager.runAnalysis(AnalysisManager.java:71)
	at app//pascal.taie.analysis.AnalysisManager.lambda$execute$0(AnalysisManager.java:60)
	at app//pascal.taie.util.Timer.lambda$runAndCount$0(Timer.java:112)
	at app//pascal.taie.util.Timer.runAndCount(Timer.java:93)
	at app//pascal.taie.util.Timer.runAndCount(Timer.java:111)
	at app//pascal.taie.util.Timer.runAndCount(Timer.java:107)
	at app//pascal.taie.analysis.AnalysisManager.lambda$execute$1(AnalysisManager.java:59)
	at java.base@17.0.13/java.util.ArrayList.forEach(ArrayList.java:1511)
	at app//pascal.taie.analysis.AnalysisManager.execute(AnalysisManager.java:59)
	at app//pascal.taie.Main.executePlan(Main.java:142)
	at app//pascal.taie.Main.lambda$main$0(Main.java:56)
	at app//pascal.taie.util.Timer.lambda$runAndCount$0(Timer.java:112)
	at app//pascal.taie.util.Timer.runAndCount(Timer.java:93)
	at app//pascal.taie.util.Timer.runAndCount(Timer.java:111)
	at app//pascal.taie.util.Timer.runAndCount(Timer.java:107)
	at app//pascal.taie.Main.main(Main.java:48)
	at app//pascal.taie.analysis.Tests.doTestPTA(Tests.java:84)
	at app//pascal.taie.analysis.Tests.testCIPTA(Tests.java:52)
	at app//pascal.taie.analysis.pta.CIPTATest.testStaticCall(CIPTATest.java:74)
	at java.base@17.0.13/jdk.internal.reflect.NativeMethodAccessorImpl.invoke0(Native Method)
	at java.base@17.0.13/jdk.internal.reflect.NativeMethodAccessorImpl.invoke(NativeMethodAccessorImpl.java:77)
	at java.base@17.0.13/jdk.internal.reflect.DelegatingMethodAccessorImpl.invoke(DelegatingMethodAccessorImpl.java:43)
	at java.base@17.0.13/java.lang.reflect.Method.invoke(Method.java:569)
	at app//org.junit.runners.model.FrameworkMethod$1.runReflectiveCall(FrameworkMethod.java:59)
	at app//org.junit.internal.runners.model.ReflectiveCallable.run(ReflectiveCallable.java:12)
	at app//org.junit.runners.model.FrameworkMethod.invokeExplosively(FrameworkMethod.java:56)
	at app//org.junit.internal.runners.statements.InvokeMethod.evaluate(InvokeMethod.java:17)
	at app//org.junit.runners.ParentRunner$3.evaluate(ParentRunner.java:306)
	at app//org.junit.runners.BlockJUnit4ClassRunner$1.evaluate(BlockJUnit4ClassRunner.java:100)
	at app//org.junit.runners.ParentRunner.runLeaf(ParentRunner.java:366)
	at app//org.junit.runners.BlockJUnit4ClassRunner.runChild(BlockJUnit4ClassRunner.java:103)
	at app//org.junit.runners.BlockJUnit4ClassRunner.runChild(BlockJUnit4ClassRunner.java:63)
	at app//org.junit.runners.ParentRunner$4.run(ParentRunner.java:331)
	at app//org.junit.runners.ParentRunner$1.schedule(ParentRunner.java:79)
	at app//org.junit.runners.ParentRunner.runChildren(ParentRunner.java:329)
	at app//org.junit.runners.ParentRunner.access$100(ParentRunner.java:66)
	at app//org.junit.runners.ParentRunner$2.evaluate(ParentRunner.java:293)
	at app//org.junit.runners.ParentRunner$3.evaluate(ParentRunner.java:306)
	at app//org.junit.runners.ParentRunner.run(ParentRunner.java:413)
	at org.gradle.api.internal.tasks.testing.junit.JUnitTestClassExecutor.runTestClass(JUnitTestClassExecutor.java:110)
	at org.gradle.api.internal.tasks.testing.junit.JUnitTestClassExecutor.execute(JUnitTestClassExecutor.java:58)
	at org.gradle.api.internal.tasks.testing.junit.JUnitTestClassExecutor.execute(JUnitTestClassExecutor.java:38)
	at org.gradle.api.internal.tasks.testing.junit.AbstractJUnitTestClassProcessor.processTestClass(AbstractJUnitTestClassProcessor.java:62)
	at org.gradle.api.internal.tasks.testing.SuiteTestClassProcessor.processTestClass(SuiteTestClassProcessor.java:51)
	at java.base@17.0.13/jdk.internal.reflect.NativeMethodAccessorImpl.invoke0(Native Method)
	at java.base@17.0.13/jdk.internal.reflect.NativeMethodAccessorImpl.invoke(NativeMethodAccessorImpl.java:77)
	at java.base@17.0.13/jdk.internal.reflect.DelegatingMethodAccessorImpl.invoke(DelegatingMethodAccessorImpl.java:43)
	at java.base@17.0.13/java.lang.reflect.Method.invoke(Method.java:569)
	at org.gradle.internal.dispatch.ReflectionDispatch.dispatch(ReflectionDispatch.java:36)
	at org.gradle.internal.dispatch.ReflectionDispatch.dispatch(ReflectionDispatch.java:24)
	at org.gradle.internal.dispatch.ContextClassLoaderDispatch.dispatch(ContextClassLoaderDispatch.java:33)
	at org.gradle.internal.dispatch.ProxyDispatchAdapter$DispatchingInvocationHandler.invoke(ProxyDispatchAdapter.java:94)
	at jdk.proxy1/jdk.proxy1.$Proxy2.processTestClass(Unknown Source)
	at org.gradle.api.internal.tasks.testing.worker.TestWorker$2.run(TestWorker.java:176)
	at org.gradle.api.internal.tasks.testing.worker.TestWorker.executeAndMaintainThreadName(TestWorker.java:129)
	at org.gradle.api.internal.tasks.testing.worker.TestWorker.execute(TestWorker.java:100)
	at org.gradle.api.internal.tasks.testing.worker.TestWorker.execute(TestWorker.java:60)
	at org.gradle.process.internal.worker.child.ActionExecutionWorker.execute(ActionExecutionWorker.java:56)
	at org.gradle.process.internal.worker.child.SystemApplicationClassLoaderWorker.call(SystemApplicationClassLoaderWorker.java:133)
	at org.gradle.process.internal.worker.child.SystemApplicationClassLoaderWorker.call(SystemApplicationClassLoaderWorker.java:71)
	at app//worker.org.gradle.process.internal.worker.GradleWorkerMain.run(GradleWorkerMain.java:69)
	at app//worker.org.gradle.process.internal.worker.GradleWorkerMain.main(GradleWorkerMain.java:74)
</failure>
  </testcase>
  <testcase name="testStaticField" classname="pascal.taie.analysis.pta.CIPTATest" time="0.974">
    <failure message="pascal.taie.util.AnalysisException: Mismatches of points-to set&#10;&lt;B: void &lt;init&gt;()&gt;/%this, expected: [NewObj{&lt;StaticField: void main(java.lang.String[])&gt;[0@L4] new B}], given: null&#10;&lt;StaticField: void main(java.lang.String[])&gt;/b, expected: [NewObj{&lt;StaticField: void main(java.lang.String[])&gt;[0@L4] new B}], given: null&#10;&lt;StaticField: void main(java.lang.String[])&gt;/temp$0, expected: [NewObj{&lt;StaticField: void main(java.lang.String[])&gt;[0@L4] new B}], given: null&#10;&lt;java.lang.Object: void &lt;init&gt;()&gt;/%this, expected: [NewObj{&lt;StaticField: void main(java.lang.String[])&gt;[0@L4] new B}], given: null&#10;&lt;A: B b&gt;, expected: [NewObj{&lt;StaticField: void main(java.lang.String[])&gt;[0@L4] new B}], given: null" type="pascal.taie.util.AnalysisException">pascal.taie.util.AnalysisException: Mismatches of points-to set
&lt;B: void &lt;init&gt;()&gt;/%this, expected: [NewObj{&lt;StaticField: void main(java.lang.String[])&gt;[0@L4] new B}], given: null
&lt;StaticField: void main(java.lang.String[])&gt;/b, expected: [NewObj{&lt;StaticField: void main(java.lang.String[])&gt;[0@L4] new B}], given: null
&lt;StaticField: void main(java.lang.String[])&gt;/temp$0, expected: [NewObj{&lt;StaticField: void main(java.lang.String[])&gt;[0@L4] new B}], given: null
&lt;java.lang.Object: void &lt;init&gt;()&gt;/%this, expected: [NewObj{&lt;StaticField: void main(java.lang.String[])&gt;[0@L4] new B}], given: null
&lt;A: B b&gt;, expected: [NewObj{&lt;StaticField: void main(java.lang.String[])&gt;[0@L4] new B}], given: null
	at app//pascal.taie.analysis.pta.ci.ResultProcessor.comparePointsToSet(ResultProcessor.java:176)
	at app//pascal.taie.analysis.pta.ci.ResultProcessor.process(ResultProcessor.java:79)
	at app//pascal.taie.analysis.pta.ci.CIPTA.analyze(CIPTA.java:48)
	at app//pascal.taie.analysis.pta.ci.CIPTA.analyze(CIPTA.java:34)
	at app//pascal.taie.analysis.AnalysisManager.runProgramAnalysis(AnalysisManager.java:88)
	at app//pascal.taie.analysis.AnalysisManager.runAnalysis(AnalysisManager.java:71)
	at app//pascal.taie.analysis.AnalysisManager.lambda$execute$0(AnalysisManager.java:60)
	at app//pascal.taie.util.Timer.lambda$runAndCount$0(Timer.java:112)
	at app//pascal.taie.util.Timer.runAndCount(Timer.java:93)
	at app//pascal.taie.util.Timer.runAndCount(Timer.java:111)
	at app//pascal.taie.util.Timer.runAndCount(Timer.java:107)
	at app//pascal.taie.analysis.AnalysisManager.lambda$execute$1(AnalysisManager.java:59)
	at java.base@17.0.13/java.util.ArrayList.forEach(ArrayList.java:1511)
	at app//pascal.taie.analysis.AnalysisManager.execute(AnalysisManager.java:59)
	at app//pascal.taie.Main.executePlan(Main.java:142)
	at app//pascal.taie.Main.lambda$main$0(Main.java:56)
	at app//pascal.taie.util.Timer.lambda$runAndCount$0(Timer.java:112)
	at app//pascal.taie.util.Timer.runAndCount(Timer.java:93)
	at app//pascal.taie.util.Timer.runAndCount(Timer.java:111)
	at app//pascal.taie.util.Timer.runAndCount(Timer.java:107)
	at app//pascal.taie.Main.main(Main.java:48)
	at app//pascal.taie.analysis.Tests.doTestPTA(Tests.java:84)
	at app//pascal.taie.analysis.Tests.testCIPTA(Tests.java:52)
	at app//pascal.taie.analysis.pta.CIPTATest.testStaticField(CIPTATest.java:69)
	at java.base@17.0.13/jdk.internal.reflect.NativeMethodAccessorImpl.invoke0(Native Method)
	at java.base@17.0.13/jdk.internal.reflect.NativeMethodAccessorImpl.invoke(NativeMethodAccessorImpl.java:77)
	at java.base@17.0.13/jdk.internal.reflect.DelegatingMethodAccessorImpl.invoke(DelegatingMethodAccessorImpl.java:43)
	at java.base@17.0.13/java.lang.reflect.Method.invoke(Method.java:569)
	at app//org.junit.runners.model.FrameworkMethod$1.runReflectiveCall(FrameworkMethod.java:59)
	at app//org.junit.internal.runners.model.ReflectiveCallable.run(ReflectiveCallable.java:12)
	at app//org.junit.runners.model.FrameworkMethod.invokeExplosively(FrameworkMethod.java:56)
	at app//org.junit.internal.runners.statements.InvokeMethod.evaluate(InvokeMethod.java:17)
	at app//org.junit.runners.ParentRunner$3.evaluate(ParentRunner.java:306)
	at app//org.junit.runners.BlockJUnit4ClassRunner$1.evaluate(BlockJUnit4ClassRunner.java:100)
	at app//org.junit.runners.ParentRunner.runLeaf(ParentRunner.java:366)
	at app//org.junit.runners.BlockJUnit4ClassRunner.runChild(BlockJUnit4ClassRunner.java:103)
	at app//org.junit.runners.BlockJUnit4ClassRunner.runChild(BlockJUnit4ClassRunner.java:63)
	at app//org.junit.runners.ParentRunner$4.run(ParentRunner.java:331)
	at app//org.junit.runners.ParentRunner$1.schedule(ParentRunner.java:79)
	at app//org.junit.runners.ParentRunner.runChildren(ParentRunner.java:329)
	at app//org.junit.runners.ParentRunner.access$100(ParentRunner.java:66)
	at app//org.junit.runners.ParentRunner$2.evaluate(ParentRunner.java:293)
	at app//org.junit.runners.ParentRunner$3.evaluate(ParentRunner.java:306)
	at app//org.junit.runners.ParentRunner.run(ParentRunner.java:413)
	at org.gradle.api.internal.tasks.testing.junit.JUnitTestClassExecutor.runTestClass(JUnitTestClassExecutor.java:110)
	at org.gradle.api.internal.tasks.testing.junit.JUnitTestClassExecutor.execute(JUnitTestClassExecutor.java:58)
	at org.gradle.api.internal.tasks.testing.junit.JUnitTestClassExecutor.execute(JUnitTestClassExecutor.java:38)
	at org.gradle.api.internal.tasks.testing.junit.AbstractJUnitTestClassProcessor.processTestClass(AbstractJUnitTestClassProcessor.java:62)
	at org.gradle.api.internal.tasks.testing.SuiteTestClassProcessor.processTestClass(SuiteTestClassProcessor.java:51)
	at java.base@17.0.13/jdk.internal.reflect.NativeMethodAccessorImpl.invoke0(Native Method)
	at java.base@17.0.13/jdk.internal.reflect.NativeMethodAccessorImpl.invoke(NativeMethodAccessorImpl.java:77)
	at java.base@17.0.13/jdk.internal.reflect.DelegatingMethodAccessorImpl.invoke(DelegatingMethodAccessorImpl.java:43)
	at java.base@17.0.13/java.lang.reflect.Method.invoke(Method.java:569)
	at org.gradle.internal.dispatch.ReflectionDispatch.dispatch(ReflectionDispatch.java:36)
	at org.gradle.internal.dispatch.ReflectionDispatch.dispatch(ReflectionDispatch.java:24)
	at org.gradle.internal.dispatch.ContextClassLoaderDispatch.dispatch(ContextClassLoaderDispatch.java:33)
	at org.gradle.internal.dispatch.ProxyDispatchAdapter$DispatchingInvocationHandler.invoke(ProxyDispatchAdapter.java:94)
	at jdk.proxy1/jdk.proxy1.$Proxy2.processTestClass(Unknown Source)
	at org.gradle.api.internal.tasks.testing.worker.TestWorker$2.run(TestWorker.java:176)
	at org.gradle.api.internal.tasks.testing.worker.TestWorker.executeAndMaintainThreadName(TestWorker.java:129)
	at org.gradle.api.internal.tasks.testing.worker.TestWorker.execute(TestWorker.java:100)
	at org.gradle.api.internal.tasks.testing.worker.TestWorker.execute(TestWorker.java:60)
	at org.gradle.process.internal.worker.child.ActionExecutionWorker.execute(ActionExecutionWorker.java:56)
	at org.gradle.process.internal.worker.child.SystemApplicationClassLoaderWorker.call(SystemApplicationClassLoaderWorker.java:133)
	at org.gradle.process.internal.worker.child.SystemApplicationClassLoaderWorker.call(SystemApplicationClassLoaderWorker.java:71)
	at app//worker.org.gradle.process.internal.worker.GradleWorkerMain.run(GradleWorkerMain.java:69)
	at app//worker.org.gradle.process.internal.worker.GradleWorkerMain.main(GradleWorkerMain.java:74)
</failure>
  </testcase>
  <testcase name="testInstanceField" classname="pascal.taie.analysis.pta.CIPTATest" time="0.884">
    <failure message="pascal.taie.util.AnalysisException: Mismatches of points-to set&#10;&lt;A: void &lt;init&gt;()&gt;/%this, expected: [NewObj{&lt;A: void callField()&gt;[0@L31] new A}, NewObj{&lt;A: void cycle()&gt;[0@L23] new A}, NewObj{&lt;A: void longAP()&gt;[0@L15] new A}, NewObj{&lt;InstanceField: void main(java.lang.String[])&gt;[0@L4] new A}], given: null&#10;&lt;A: void callField()&gt;/%this, expected: [NewObj{&lt;InstanceField: void main(java.lang.String[])&gt;[0@L4] new A}], given: null&#10;&lt;A: void callField()&gt;/a, expected: [NewObj{&lt;A: void callField()&gt;[0@L31] new A}], given: null&#10;&lt;A: void callField()&gt;/b, expected: [NewObj{&lt;A: void callField()&gt;[3@L32] new B}], given: null&#10;&lt;A: void callField()&gt;/c, expected: [NewObj{&lt;B: C foo()&gt;[0@L43] new C}], given: null&#10;&lt;A: void callField()&gt;/temp$0, expected: [NewObj{&lt;A: void callField()&gt;[0@L31] new A}], given: null&#10;&lt;A: void callField()&gt;/temp$1, expected: [NewObj{&lt;A: void callField()&gt;[3@L32] new B}], given: null&#10;&lt;A: void callField()&gt;/temp$2, expected: [NewObj{&lt;A: void callField()&gt;[3@L32] new B}], given: null&#10;&lt;A: void callField()&gt;/temp$3, expected: [NewObj{&lt;B: C foo()&gt;[0@L43] new C}], given: null&#10;&lt;A: void cycle()&gt;/%this, expected: [NewObj{&lt;InstanceField: void main(java.lang.String[])&gt;[0@L4] new A}], given: null&#10;&lt;A: void cycle()&gt;/a, expected: [NewObj{&lt;A: void cycle()&gt;[0@L23] new A}], given: null&#10;&lt;A: void cycle()&gt;/b, expected: [NewObj{&lt;A: void cycle()&gt;[3@L24] new B}], given: null&#10;&lt;A: void cycle()&gt;/temp$0, expected: [NewObj{&lt;A: void cycle()&gt;[0@L23] new A}], given: null&#10;&lt;A: void cycle()&gt;/temp$1, expected: [NewObj{&lt;A: void cycle()&gt;[3@L24] new B}], given: null&#10;&lt;A: void cycle()&gt;/temp$2, expected: [NewObj{&lt;A: void cycle()&gt;[0@L23] new A}], given: null&#10;&lt;A: void cycle()&gt;/temp$3, expected: [NewObj{&lt;A: void cycle()&gt;[3@L24] new B}], given: null&#10;&lt;A: void cycle()&gt;/x, expected: [NewObj{&lt;A: void cycle()&gt;[0@L23] new A}], given: null&#10;&lt;A: void longAP()&gt;/%this, expected: [NewObj{&lt;InstanceField: void main(java.lang.String[])&gt;[0@L4] new A}], given: null&#10;&lt;A: void longAP()&gt;/a, expected: [NewObj{&lt;A: void longAP()&gt;[0@L15] new A}], given: null&#10;&lt;A: void longAP()&gt;/temp$0, expected: [NewObj{&lt;A: void longAP()&gt;[0@L15] new A}], given: null&#10;&lt;A: void longAP()&gt;/temp$1, expected: [NewObj{&lt;A: void longAP()&gt;[3@L16] new B}], given: null&#10;&lt;A: void longAP()&gt;/temp$2, expected: [NewObj{&lt;A: void longAP()&gt;[3@L16] new B}], given: null&#10;&lt;A: void longAP()&gt;/temp$3, expected: [NewObj{&lt;A: void longAP()&gt;[7@L17] new
[...]
	at app//org.junit.runners.ParentRunner.runLeaf(ParentRunner.java:366)
	at app//org.junit.runners.BlockJUnit4ClassRunner.runChild(BlockJUnit4ClassRunner.java:103)
	at app//org.junit.runners.BlockJUnit4ClassRunner.runChild(BlockJUnit4ClassRunner.java:63)
	at app//org.junit.runners.ParentRunner$4.run(ParentRunner.java:331)
	at app//org.junit.runners.ParentRunner$1.schedule(ParentRunner.java:79)
	at app//org.junit.runners.ParentRunner.runChildren(ParentRunner.java:329)
	at app//org.junit.runners.ParentRunner.access$100(ParentRunner.java:66)
	at app//org.junit.runners.ParentRunner$2.evaluate(ParentRunner.java:293)
	at app//org.junit.runners.ParentRunner$3.evaluate(ParentRunner.java:306)
	at app//org.junit.runners.ParentRunner.run(ParentRunner.java:413)
	at org.gradle.api.internal.tasks.testing.junit.JUnitTestClassExecutor.runTestClass(JUnitTestClassExecutor.java:110)
	at org.gradle.api.internal.tasks.testing.junit.JUnitTestClassExecutor.execute(JUnitTestClassExecutor.java:58)
	at org.gradle.api.internal.tasks.testing.junit.JUnitTestClassExecutor.execute(JUnitTestClassExecutor.java:38)
	at org.gradle.api.internal.tasks.testing.junit.AbstractJUnitTestClassProcessor.processTestClass(AbstractJUnitTestClassProcessor.java:62)
	at org.gradle.api.internal.tasks.testing.SuiteTestClassProcessor.processTestClass(SuiteTestClassProcessor.java:51)
	at java.base@17.0.13/jdk.internal.reflect.NativeMethodAccessorImpl.invoke0(Native Method)
	at java.base@17.0.13/jdk.internal.reflect.NativeMethodAccessorImpl.invoke(NativeMethodAccessorImpl.java:77)
	at java.base@17.0.13/jdk.internal.reflect.DelegatingMethodAccessorImpl.invoke(DelegatingMethodAccessorImpl.java:43)
	at java.base@17.0.13/java.lang.reflect.Method.invoke(Method.java:569)
	at org.gradle.internal.dispatch.ReflectionDispatch.dispatch(ReflectionDispatch.java:36)
	at org.gradle.internal.dispatch.ReflectionDispatch.dispatch(ReflectionDispatch.java:24)
	at org.gradle.internal.dispatch.ContextClassLoaderDispatch.dispatch(ContextClassLoaderDispatch.java:33)
	at org.gradle.internal.dispatch.ProxyDispatchAdapter$DispatchingInvocationHandler.invoke(ProxyDispatchAdapter.java:94)
	at jdk.proxy1/jdk.proxy1.$Proxy2.processTestClass(Unknown Source)
	at org.gradle.api.internal.tasks.testing.worker.TestWorker$2.run(TestWorker.java:176)
	at org.gradle.api.internal.tasks.testing.worker.TestWorker.executeAndMaintainThreadName(TestWorker.java:129)
	at org.gradle.api.internal.tasks.testing.worker.TestWorker.execute(TestWorker.java:100)
	at org.gradle.api.internal.tasks.testing.worker.TestWorker.execute(TestWorker.java:60)
	at org.gradle.process.internal.worker.child.ActionExecutionWorker.execute(ActionExecutionWorker.java:56)
	at org.gradle.process.internal.worker.child.SystemApplicationClassLoaderWorker.call(SystemApplicationClassLoaderWorker.java:133)
	at org.gradle.process.internal.worker.child.SystemApplicationClassLoaderWorker.call(SystemApplicationClassLoaderWorker.java:71)
	at app//worker.org.gradle.process.internal.worker.GradleWorkerMain.run(GradleWorkerMain.java:69)
	at app//worker.org.gradle.process.internal.worker.GradleWorkerMain.main(GradleWorkerMain.java:74)
</failure>
  </testcase>
  <testcase name="testAssign" classname="pascal.taie.analysis.pta.CIPTATest" time="0.888">
    <failure message="pascal.taie.util.AnalysisException: Mismatches of points-to set&#10;&lt;A: void &lt;init&gt;()&gt;/%this, expected: [NewObj{&lt;Assign: void main(java.lang.String[])&gt;[0@L4] new A}, NewObj{&lt;Assign: void main(java.lang.String[])&gt;[5@L7] new B}], given: null&#10;&lt;Assign: void main(java.lang.String[])&gt;/a1, expected: [NewObj{&lt;Assign: void main(java.lang.String[])&gt;[0@L4] new A}, NewObj{&lt;Assign: void main(java.lang.String[])&gt;[5@L7] new B}], given: null&#10;&lt;Assign: void main(java.lang.String[])&gt;/a2, expected: [NewObj{&lt;Assign: void main(java.lang.String[])&gt;[0@L4] new A}, NewObj{&lt;Assign: void main(java.lang.String[])&gt;[5@L7] new B}], given: null&#10;&lt;Assign: void main(java.lang.String[])&gt;/a3, expected: [NewObj{&lt;Assign: void main(java.lang.String[])&gt;[0@L4] new A}, NewObj{&lt;Assign: void main(java.lang.String[])&gt;[5@L7] new B}], given: null&#10;&lt;Assign: void main(java.lang.String[])&gt;/b, expected: [NewObj{&lt;Assign: void main(java.lang.String[])&gt;[5@L7] new B}], given: null&#10;&lt;Assign: void main(java.lang.String[])&gt;/temp$0, expected: [NewObj{&lt;Assign: void main(java.lang.String[])&gt;[0@L4] new A}], given: null&#10;&lt;Assign: void main(java.lang.String[])&gt;/temp$1, expected: [NewObj{&lt;Assign: void main(java.lang.String[])&gt;[5@L7] new B}], given: null&#10;&lt;B: void &lt;init&gt;()&gt;/%this, expected: [NewObj{&lt;Assign: void main(java.lang.String[])&gt;[5@L7] new B}], given: null&#10;&lt;java.lang.Object: void &lt;init&gt;()&gt;/%this, expected: [NewObj{&lt;Assign: void main(java.lang.String[])&gt;[0@L4] new A}, NewObj{&lt;Assign: void main(java.lang.String[])&gt;[5@L7] new B}], given: null" type="pascal.taie.util.AnalysisException">pascal.taie.util.AnalysisException: Mismatches of points-to set
&lt;A: void &lt;init&gt;()&gt;/%this, expected: [NewObj{&lt;Assign: void main(java.lang.String[])&gt;[0@L4] new A}, NewObj{&lt;Assign: void main(java.lang.String[])&gt;[5@L7] new B}], given: null
&lt;Assign: void main(java.lang.String[])&gt;/a1, expected: [NewObj{&lt;Assign: void main(java.lang.String[])&gt;[0@L4] new A}, NewObj{&lt;Assign: void main(java.lang.String[])&gt;[5@L7] new B}], given: null
&lt;Assign: void main(java.lang.String[])&gt;/a2, expected: [NewObj{&lt;Assign: void main(java.lang.String[])&gt;[0@L4] new A}, NewObj{&lt;Assign: void main(java.lang.String[])&gt;[5@L7] new B}], given: null
&lt;Assign: void main(java.lang.String[])&gt;/a3, expected: [NewObj{&lt;Assign: void main(java.lang.String[])&gt;[0@L4] new A}, NewObj{&lt;Assign: void main(java.lang.String[])&gt;[5@L7] new B}], given: null
&lt;Assign: void main(java.lang.String[])&gt;/b, expected: [NewObj{&lt;Assign: void main(java.lang.String[])&gt;[5@L7] new B}], given: null
&lt;Assign: void main(java.lang.String[])&gt;/temp$0, expected: [NewObj{&lt;Assign: void main(java.lang.String[])&gt;[0@L4] new A}], given: null
&lt;Assign: void main(java.lang.String[])&gt;/temp$1, expected: [NewObj{&lt;Assign: void main(java.lang.String[])&gt;[5@L7] new B}], given: null
&lt;B: void &lt;init&gt;()&gt;/%this, expected: [NewObj{&lt;Assign: void main(java.lang.String[])&gt;[5@L7] new B}], given: null
&lt;java.lang.Object: void &lt;init&gt;()&gt;/%this, expected: [NewObj{&lt;Assign: void main(java.lang.String[])&gt;[0@L4] new A}, NewObj{&lt;Assign: void main(java.lang.String[])&gt;[5@L7] new B}], given: null
	at app//pascal.taie.analysis.pta.ci.ResultProcessor.comparePointsToSet(ResultProcessor.java:176)
	at app//pascal.taie.analysis.pta.ci.ResultProcessor.process(ResultProcessor.java:79)
	at app//pascal.taie.analysis.pta.ci.CIPTA.analyze(CIPTA.java:48)
	at app//pascal.taie.analysis.pta.ci.CIPTA.analyze(CIPTA.java:34)
	at app//pascal.taie.analysis.AnalysisManager.runProgramAnalysis(AnalysisManager.java:88)
	at app//pascal.taie.analysis.AnalysisManager.runAnalysis(AnalysisManager.java:71)
	at app//pascal.taie.analysis.AnalysisManager.lambda$execute$0(AnalysisManager.java:60)
	at app//pascal.taie.util.Timer.lambda$runAndCount$0(Timer.java:112)
	at app//pascal.taie.util.Timer.runAndCount(Timer.java:93)
	at app//pascal.taie.util.Timer.runAndCount(Timer.java:111)
	at app//pascal.taie.util.Timer.runAndCount(Timer.java:107)
	at app//pascal.taie.analysis.AnalysisManager.lambda$execute$1(AnalysisManager.java:59)
	at java.base@17.0.13/java.util.ArrayList.forEach(ArrayList.java:1511)
	at app//pascal.taie.analysis.AnalysisManager.execute(AnalysisManager.java:59)
	at app//pascal.taie.Main.executePlan(Main.java:142)
	at app//pascal.taie.Main.lambda$main$0(Main.java:56)
	at app//pascal.taie.util.Timer.lambda$runAndCount$0(Timer.java:112)
	at app//pascal.taie.util.Timer.runAndCount(Timer.java:93)
	at app//pascal.taie.util.Timer.runAndCount(Timer.java:111)
	at app//pascal.taie.util.Timer.runAndCount(Timer.java:107)
	at app//pascal.taie.Main.main(Main.java:48)
	at app//pascal.taie.analysis.Tests.doTestPTA(Tests.java:84)
	at app//pascal.taie.analysis.Tests.testCIPTA(Tests.java:52)
	at app//pascal.taie.analysis.pta.CIPTATest.testAssign(CIPTATest.java:44)
	at java.base@17.0.13/jdk.internal.reflect.NativeMethodAccessorImpl.invoke0(Native Method)
	at java.base@17.0.13/jdk.internal.reflect.NativeMethodAccessorImpl.invoke(NativeMethodAccessorImpl.java:77)
	at java.base@17.0.13/jdk.internal.reflect.DelegatingMethodAccessorImpl.invoke(DelegatingMethodAccessorImpl.java:43)
	at java.base@17.0.13/java.lang.reflect.Method.invoke(Method.java:569)
	at app//org.junit.runners.model.FrameworkMethod$1.runReflectiveCall(FrameworkMethod.java:59)
	at app//org.junit.internal.runners.model.ReflectiveCallable.run(ReflectiveCallable.java:12)
	at app//org.junit.runners.model.FrameworkMethod.invokeExplosively(FrameworkMethod.java:56)
	at app//org.junit.internal.runners.statements.InvokeMethod.evaluate(InvokeMethod.java:17)
	at app//org.junit.runners.ParentRunner$3.evaluate(ParentRunner.java:306)
	at app//org.junit.runners.BlockJUnit4ClassRunner$1.evaluate(BlockJUnit4ClassRunner.java:100)
	at app//org.junit.runners.ParentRunner.runLeaf(ParentRunner.java:366)
	at app//org.junit.runners.BlockJUnit4ClassRunner.runChild(BlockJUnit4ClassRunner.java:103)
	at app//org.junit.runners.BlockJUnit4ClassRunner.runChild(BlockJUnit4ClassRunner.java:63)
	at app//org.junit.runners.ParentRunner$4.run(ParentRunner.java:331)
	at app//org.junit.runners.ParentRunner$1.schedule(ParentRunner.java:79)
	at app//org.junit.runners.ParentRunner.runChildren(ParentRunner.java:329)
	at app//org.junit.runners.ParentRunner.access$100(ParentRunner.java:66)
	at app//org.junit.runners.ParentRunner$2.evaluate(ParentRunner.java:293)
	at app//org.junit.runners.ParentRunner$3.evaluate(ParentRunner.java:306)
	at app//org.junit.runners.ParentRunner.run(ParentRunner.java:413)
	at org.gradle.api.internal.tasks.testing.junit.JUnitTestClassExecutor.runTestClass(JUnitTestClassExecutor.java:110)
	at org.gradle.api.internal.tasks.testing.junit.JUnitTestClassExecutor.execute(JUnitTestClassExecutor.java:58)
	at org.gradle.api.internal.tasks.testing.junit.JUnitTestClassExecutor.execute(JUnitTestClassExecutor.java:38)
	at org.gradle.api.internal.tasks.testing.junit.AbstractJUnitTestClassProcessor.processTestClass(AbstractJUnitTestClassProcessor.java:62)
	at org.gradle.api.internal.tasks.testing.SuiteTestClassProcessor.processTestClass(SuiteTestClassProcessor.java:51)
	at java.base@17.0.13/jdk.internal.reflect.NativeMethodAccessorImpl.invoke0(Native Method)
	at java.base@17.0.13/jdk.internal.reflect.NativeMethodAccessorImpl.invoke(NativeMethodAccessorImpl.java:77)
	at java.base@17.0.13/jdk.internal.reflect.DelegatingMethodAccessorImpl.invoke(DelegatingMethodAccessorImpl.java:43)
	at java.base@17.0.13/java.lang.reflect.Method.invoke(Method.java:569)
	at org.gradle.internal.dispatch.ReflectionDispatch.dispatch(ReflectionDispatch.java:36)
	at org.gradle.internal.dispatch.ReflectionDispatch.dispatch(ReflectionDispatch.java:24)
	at org.gradle.internal.dispatch.ContextClassLoaderDispatch.dispatch(ContextClassLoaderDispatch.java:33)
	at org.gradle.internal.dispatch.ProxyDispatchAdapter$DispatchingInvocationHandler.invoke(ProxyDispatchAdapter.java:94)
	at jdk.proxy1/jdk.proxy1.$Proxy2.processTestClass(Unknown Source)
	at org.gradle.api.internal.tasks.testing.worker.TestWorker$2.run(TestWorker.java:176)
	at org.gradle.api.internal.tasks.testing.worker.TestWorker.executeAndMaintainThreadName(TestWorker.java:129)
	at org.gradle.api.internal.tasks.testing.worker.TestWorker.execute(TestWorker.java:100)
	at org.gradle.api.internal.tasks.testing.worker.TestWorker.execute(TestWorker.java:60)
	at org.gradle.process.internal.worker.child.ActionExecutionWorker.execute(ActionExecutionWorker.java:56)
	at org.gradle.process.internal.worker.child.SystemApplicationClassLoaderWorker.call(SystemApplicationClassLoaderWorker.java:133)
	at org.gradle.process.internal.worker.child.SystemApplicationClassLoaderWorker.call(SystemApplicationClassLoaderWorker.java:71)
	at app//worker.org.gradle.process.internal.worker.GradleWorkerMain.run(GradleWorkerMain.java:69)
	at app//worker.org.gradle.process.internal.worker.GradleWorkerMain.main(GradleWorkerMain.java:74)
</failure>
  </testcase>
  <system-out><![CDATA[Tai-e starts ...
Writing options to output/options.yml
Writing analysis plan to output/tai-e-plan.yml
WorldBuilder starts ...
10022 classes with 98917 methods in the world
WorldBuilder finishes, elapsed time: 1.91s
class-dumper starts ...
Dumping 3 classes to output ...
class-dumper finishes, elapsed time: 0.02s
cipta starts ...
-------------- Pointer analysis statistics: --------------
#var pointers:                0
#var points-to:               0
#static field points-to:      0
#instance field points-to:    0
#array indexes points-to:     0
#reachable methods:           0
#call graph edges:            0
----------------------------------------
Comparing points-to set with src/test/resources/pta/cipta/StoreLoad-cipta-expected.txt ...
Tai-e starts ...
Writing options to output/options.yml
Writing analysis plan to output/tai-e-plan.yml
WorldBuilder starts ...
10021 classes with 98917 methods in the world
WorldBuilder finishes, elapsed time: 1.64s
class-dumper starts ...
Dumping 2 classes to output ...
class-dumper finishes, elapsed time: 0.00s
cipta starts ...
-------------- Pointer analysis statistics: --------------
#var pointers:                0
#var points-to:               0
#static field points-to:      0
#instance field points-to:    0
#array indexes points-to:     0
#reachable methods:           0
#call graph edges:            0
----------------------------------------
Comparing points-to set with src/test/resources/pta/cipta/MergeParam-cipta-expected.txt ...
Tai-e starts ...
Writing options to output/options.yml
Writing analysis plan to output/tai-e-plan.yml
WorldBuilder starts ...
10022 classes with 98919 methods in the world
WorldBuilder finishes, elapsed time: 1.07s
class-dumper starts ...
Dumping 3 classes to output ...
class-dumper finishes, elapsed time: 0.00s
cipta starts ...
-------------- Pointer analysis statistics: --------------
#var pointers:                0
#var points-to:               0
#static field points-to:      0
#instance field points-to:    0
#array indexes points-to:     0
#reachable methods:           0
#call graph edges:            0
----------------------------------------
Comparing points-to set with src/test/resources/pta/cipta/Example-cipta-expected.txt ...
Tai-e starts ...
Writing options to output/options.yml
Writing analysis plan to output/tai-e-plan.yml
WorldBuilder starts ...
10022 classes with 98918 methods in the world
WorldBuilder finishes, elapsed time: 1.09s
class-dumper starts ...
Dumping 3 classes to output ...
class-dumper finishes, elapsed time: 0.00s
cipta starts ...
-------------- Pointer analysis statistics: --------------
#var pointers:                0
#var points-to:               0
#static field points-to:      0
#instance field points-to:    0
#array indexes points-to:     0
#reachable methods:           0
#call graph edges:            0
----------------------------------------
Comparing points-to set with src/test/resources/pta/cipta/Array-cipta-expected.txt ...
Tai-e starts ...
Writing options to output/options.yml
Writing analysis plan to output/tai-e-plan.yml
WorldBuilder starts ...
10023 classes with 98919 methods in the world
WorldBuilder finishes, elapsed time: 0.93s
class-dumper starts ...
Dumping 4 classes to output ...
class-dumper finishes, elapsed time: 0.00s
cipta starts ...
-------------- Pointer analysis statistics: --------------
#var pointers:                0
#var points-to:               0
#static field points-to:      0
#instance field points-to:    0
#array indexes points-to:     0
#reachable methods:           0
#call graph edges:            0
----------------------------------------
Comparing points-to set with src/test/resources/pta/cipta/Call-cipta-expected.txt ...
Tai-e starts ...
Writing options to output/options.yml
Writing analysis plan to output/tai-e-plan.yml
WorldBuilder starts ...
10021 classes with 98917 methods in the world
WorldBuilder finishes, elapsed time: 0.88s
class-dumper starts ...
Dumping 2 classes to output ...
class-dumper finishes, elapsed time: 0.00s
cipta starts ...
-------------- Pointer analysis statistics: --------------
#var pointers:                0
#var points-to:               0
#static field points-to:      0
#instance field points-to:    0
#array indexes points-to:     0
#reachable methods:           0
#call graph edges:            0
----------------------------------------
Comparing points-to set with src/test/resources/pta/cipta/Assign2-cipta-expected.txt ...
Tai-e starts ...
Writing options to output/options.yml
Writing analysis plan to output/tai-e-plan.yml
WorldBuilder starts ...
10020 classes with 98917 methods in the world
WorldBuilder finishes, elapsed time: 0.94s
class-dumper starts ...
Dumping 1 classes to output ...
class-dumper finishes, elapsed time: 0.00s
cipta starts ...
-------------- Pointer analysis statistics: --------------
#var pointers:                0
#var points-to:               0
#static field points-to:      0
#instance field points-to:    0
#array indexes points-to:     0
#reachable methods:           0
#call graph edges:            0
----------------------------------------
Comparing points-to set with src/test/resources/pta/cipta/StaticCall-cipta-expected.txt ...
Tai-e starts ...
Writing options to output/options.yml
Writing analysis plan to output/tai-e-plan.yml
WorldBuilder starts ...
10022 classes with 98917 methods in the world
WorldBuilder finishes, elapsed time: 0.97s
class-dumper starts ...
Dumping 3 classes to output ...
class-dumper finishes, elapsed time: 0.00s
cipta starts ...
-------------- Pointer analysis statistics: --------------
#var pointers:                0
#var points-to:               0
#static field points-to:      0
#instance field points-to:    0
#array indexes points-to:     0
#reachable methods:           0
#call graph edges:            0
----------------------------------------
Comparing points-to set with src/test/resources/pta/cipta/StaticField-cipta-expected.txt ...
Tai-e starts ...
Writing options to output/options.yml
Writing analysis plan to output/tai-e-plan.yml
WorldBuilder starts ...
10024 classes with 98923 methods in the world
WorldBuilder finishes, elapsed time: 0.87s
class-dumper starts ...
Dumping 5 classes to output ...
class-dumper finishes, elapsed time: 0.00s
cipta starts ...
-------------- Pointer analysis statistics: --------------
#var pointers:                0
#var points-to:               0
#static field points-to:      0
#instance field points-to:    0
#array indexes points-to:     0
#reachable methods:           0
#call graph edges:            0
----------------------------------------
Comparing points-to set with src/test/resources/pta/cipta/InstanceField-cipta-expected.txt ...
Tai-e starts ...
Writing options to output/options.yml
Writing analysis plan to output/tai-e-plan.yml
WorldBuilder starts ...
10022 classes with 98917 methods in the world
WorldBuilder finishes, elapsed time: 0.88s
class-dumper starts ...
Dumping 3 classes to output ...
class-dumper finishes, elapsed time: 0.00s
cipta starts ...
-------------- Pointer analysis statistics: --------------
#var pointers:                0
#var points-to:               0
#static field points-to:      0
#instance field points-to:    0
#array indexes points-to:     0
#reachable methods:           0
#call graph edges:            0
----------------------------------------
Comparing points-to set with src/test/resources/pta/cipta/Assign-cipta-expected.txt ...
]]></system-out>
  <system-err><![CDATA[]]></system-err>
</testsuite>
