<?xml version="1.0" encoding="UTF-8"?>
<testsuite name="pascal.taie.analysis.dataflow.analysis.DeadCodeTest" tests="5" skipped="0" failures="0" errors="0" timestamp="2024-10-25T10:11:06" hostname="Hales-MacBook-Air.local" time="6.954">
  <properties/>
  <testcase name="testLoops" classname="pascal.taie.analysis.dataflow.analysis.DeadCodeTest" time="2.088"/>
  <testcase name="testDeadAssignment" classname="pascal.taie.analysis.dataflow.analysis.DeadCodeTest" time="1.334"/>
  <testcase name="testControlFlowUnreachable" classname="pascal.taie.analysis.dataflow.analysis.DeadCodeTest" time="1.134"/>
  <testcase name="testUnreachableSwitchBranch" classname="pascal.taie.analysis.dataflow.analysis.DeadCodeTest" time="1.174"/>
  <testcase name="testUnreachableIfBranch" classname="pascal.taie.analysis.dataflow.analysis.DeadCodeTest" time="1.224"/>
  <system-out><![CDATA[Tai-e starts ...
Writing options to output/options.yml
Writing analysis plan to output/tai-e-plan.yml
WorldBuilder starts ...
Warning: main class 'Loops' does not have main(String[]) method!
10020 classes with 98917 methods in the world
WorldBuilder finishes, elapsed time: 1.84s
throw starts ...
1 classes in scope (app) of class analyses
4 methods in scope (app) of method analyses
throw finishes, elapsed time: 0.01s
cfg starts ...
cfg finishes, elapsed time: 0.00s
constprop starts ...
constprop finishes, elapsed time: 0.00s
livevar starts ...
livevar finishes, elapsed time: 0.00s
deadcode starts ...
deadcode finishes, elapsed time: 0.00s
process-result starts ...
process-result finishes, elapsed time: 0.01s
Tai-e finishes, elapsed time: 1.93s
Tai-e starts ...
Writing options to output/options.yml
Writing analysis plan to output/tai-e-plan.yml
WorldBuilder starts ...
Warning: main class 'DeadAssignment' does not have main(String[]) method!
10020 classes with 98916 methods in the world
WorldBuilder finishes, elapsed time: 1.32s
throw starts ...
1 classes in scope (app) of class analyses
3 methods in scope (app) of method analyses
throw finishes, elapsed time: 0.00s
cfg starts ...
cfg finishes, elapsed time: 0.00s
constprop starts ...
constprop finishes, elapsed time: 0.00s
livevar starts ...
livevar finishes, elapsed time: 0.00s
deadcode starts ...
deadcode finishes, elapsed time: 0.00s
process-result starts ...
process-result finishes, elapsed time: 0.00s
Tai-e finishes, elapsed time: 1.33s
Tai-e starts ...
Writing options to output/options.yml
Writing analysis plan to output/tai-e-plan.yml
WorldBuilder starts ...
Warning: main class 'ControlFlowUnreachable' does not have main(String[]) method!
10020 classes with 98916 methods in the world
WorldBuilder finishes, elapsed time: 1.12s
throw starts ...
1 classes in scope (app) of class analyses
3 methods in scope (app) of method analyses
throw finishes, elapsed time: 0.00s
cfg starts ...
cfg finishes, elapsed time: 0.00s
constprop starts ...
constprop finishes, elapsed time: 0.00s
livevar starts ...
livevar finishes, elapsed time: 0.00s
deadcode starts ...
deadcode finishes, elapsed time: 0.00s
process-result starts ...
process-result finishes, elapsed time: 0.00s
Tai-e finishes, elapsed time: 1.13s
Tai-e starts ...
Writing options to output/options.yml
Writing analysis plan to output/tai-e-plan.yml
WorldBuilder starts ...
Warning: main class 'UnreachableSwitchBranch' does not have main(String[]) method!
10020 classes with 98916 methods in the world
WorldBuilder finishes, elapsed time: 1.16s
throw starts ...
1 classes in scope (app) of class analyses
3 methods in scope (app) of method analyses
throw finishes, elapsed time: 0.00s
cfg starts ...
cfg finishes, elapsed time: 0.00s
constprop starts ...
constprop finishes, elapsed time: 0.00s
livevar starts ...
livevar finishes, elapsed time: 0.00s
deadcode starts ...
deadcode finishes, elapsed time: 0.00s
process-result starts ...
process-result finishes, elapsed time: 0.00s
Tai-e finishes, elapsed time: 1.17s
Tai-e starts ...
Writing options to output/options.yml
Writing analysis plan to output/tai-e-plan.yml
WorldBuilder starts ...
Warning: main class 'UnreachableIfBranch' does not have main(String[]) method!
10020 classes with 98915 methods in the world
WorldBuilder finishes, elapsed time: 1.21s
throw starts ...
1 classes in scope (app) of class analyses
2 methods in scope (app) of method analyses
throw finishes, elapsed time: 0.00s
cfg starts ...
cfg finishes, elapsed time: 0.00s
constprop starts ...
constprop finishes, elapsed time: 0.00s
livevar starts ...
livevar finishes, elapsed time: 0.00s
deadcode starts ...
deadcode finishes, elapsed time: 0.00s
process-result starts ...
process-result finishes, elapsed time: 0.00s
Tai-e finishes, elapsed time: 1.22s
]]></system-out>
  <system-err><![CDATA[]]></system-err>
</testsuite>
